Start auto log messages stack - Iteration 3.	[MsgId: MMSG-10545]
Action.c(44):     e)));return q=m=d.all([m]).then(e,e).then(function(a){var d=(b.scope||c).$new();d.$close=p
Action.c(44):     .close,d.$dismiss=p.dismiss,d.$on("$destroy",function(){d.$$uibDestructionScheduled||d.$di
Action.c(44):     smiss("$uibUnscheduledDestruction")});var e,j={},k=1;b.controller&&(j.$scope=d,j.$uibModal
Action.c(44):     Instance=p,Object.defineProperty(j,"$modalInstance",{get:function(){return h||i.warn("$mod
Action.c(44):     alInstance is now deprecated. Use $uibModalInstance instead."),p}}),angular.forEach(b.reso
Action.c(44):     lve,function(b,c){j[c]=a[k++]}),e=f(b.controller,j),b.controllerAs&&(b.bindToController&&a
Action.c(44):     ngular.extend(e,d),d[b.controllerAs]=e)),g.open(p,{scope:d,deferred:l,renderDeferred:o,
Action.c(44): Error -27644: Step download timeout (120 seconds) has expired when only cross-step downloads (0) were active  	[MsgId: MERR-27644]
End auto log messages stack.	[MsgId: MMSG-10544]


Start auto log messages stack - Iteration 14.	[MsgId: MMSG-10545]
Action.c(156):     <?xml version="1.0" encoding="UTF-8"?><soap:Envelope xmlns:soap="http://schemas.xmlsoap.or
Action.c(156):     g/soap/envelope/" xmlns:xsi="http://www.w3.org/2001/XMLSchema-instance" xmlns:xsd="http://
Action.c(156):     www.w3.org/2001/XMLSchema"><soap:Body><AccountLoginRequest xmlns="com.advantage.online.sto
Action.c(156):     re.accountservice"><email></email><loginPassword>1234Qw</loginPassword><loginUser>Kirill</
Action.c(156):     loginUser></AccountLoginRequest></soap:Body></soap:Envelope>
Action.c(156): t=2546701ms: Inactive socket [0] was closed by www.advantageonlineshopping.com:443, probably due to Keep-Alive timeout  	[MsgId: MMSG-26000]
Action.c(156): Error -27760: Request "https://www.advantageonlineshopping.com/accountservice/ws/AccountLoginRequest" failed  	[MsgId: MERR-27760]
End auto log messages stack.	[MsgId: MMSG-10544]


Start auto log messages stack - Iteration 16.	[MsgId: MMSG-10545]
Action.c(44):           {"attributeName" : "OPERATING SYSTEM", "attributeValue" : "Chrome"},\n
Action.c(44):           {"attributeName" : "CUSTOMIZATION", "attributeValue" : "Gaming"},\n
Action.c(44):           {"attributeName" : "PROCESSOR", "attributeValue" : "intel(R) Core(TM) i5-6300HQ"},\n
Action.c(44):           {"attributeName" : "DISPLAY", "attributeValue" : "15.6-inch diagonal HD BrightView W
Action.c(44):     LED-backlit Display (1366x768)"},\n
Action.c(44):           {"attributeName" : "MEMORY", "attributeValue" : "16GB DDR3 - 2 DIMM"}\n
Action.c(44):         ]}]
Action.c(44): t=2824270ms: Request done "https://www.advantageonlineshopping.com/app/tempFiles/popularProducts.json"  	[MsgId: MMSG-26000]
Action.c(44): Error -27644: Step download timeout (120 seconds) has expired when only cross-step downloads (0) were active  	[MsgId: MERR-27644]
End auto log messages stack.	[MsgId: MMSG-10544]


Start auto log messages stack - Iteration 19.	[MsgId: MMSG-10545]
Start auto log messages stack - Iteration 19.	[MsgId: MMSG-10545]
Action.c(44):     .removeEvent(a,o,r.handle),delete i[o])}else for(o in i)n.event.remove(a,o+b[j],c,d,!0);n.
Action.c(44):     isEmptyObject(i)&&(delete r.handle,L.remove(a,"events"))}},trigger:function(b,c,d,e){var f
Action.c(44):     ,g,h,i,k,m,o,p=[d||l],q=j.call(b,"type")?b.type:b,r=j.call(b,"namespace")?b.namespace.spli
Action.c(44):     t("."):[];if(g=h=d=d||l,3!==d.nodeType&&8!==d.nodeType&&!X.test(q+n.event.triggered)&&(q.i
Action.c(44):     ndexOf(".")>=0&&(r=q.split("."),q=r.shift(),r.sort()),k=q.indexOf(":")<0&&"on"+q,b=b[n.exp
Action.c(44):     ando]?b:new n.Event(q,"object"==typeof b&&b),b.isTrigger=e?2:3,b.namespace=r.join("."),b.n
Action.c(44):     amespace_
Action.c(44): Error -27644: Step download timeout (120 seconds) has expired when only cross-step downloads (0) were active  	[MsgId: MERR-27644]
Action.c(44):     n&&(f=n,p=f.length=0,l++),a=e.length,p!==a&&(l++,f.length=p=a),b=0;b<a;b++)h=f[b],g=e[b],d
Action.c(44):     =h!==h&&g!==g,d||h===g||(l++,f[b]=g);else{f!==q&&(f=q={},p=0,l++);a=0;for(b in e)sa.call(e
Action.c(44):     ,b)&&(a++,g=e[b],h=f[b],b in f?(d=h!==h&&g!==g,d||h===g||(l++,f[b]=g)):(p++,f[b]=g,l++));i
Action.c(44):     f(p>a)for(b in l++,f)sa.call(e,b)||(p--,delete f[b])}else f!==e&&(f=e,l++);return l}}c.$st
Action.c(44):     ateful=!0;var d=this,e,f,g,k=1<b.length,l=0,m=h(a,c),n=[],q={},J=!0,p=0;return this.$watch
End auto log messages stack.	[MsgId: MMSG-10544]


Start auto log messages stack - Iteration 6.	[MsgId: MMSG-10545]
Action.c(44):     sec-ch-ua = "Google Chrome";v="113", "Chromium";v="113", "Not-A.Brand";v="24"
Action.c(44):     sec-ch-ua-mobile = ?0
Action.c(44):     sec-ch-ua-platform = "Windows"
Action.c(44):     User-Agent = Mozilla/5.0 (Windows NT 10.0; Win64; x64) AppleWebKit/537.36 (KHTML, like Gec
Action.c(44):     ko) Chrome/113.0.0.0 Safari/537.36
Action.c(44):     Accept-Encoding = gzip, deflate, br
Action.c(44):     Accept-Language = ru-RU,ru;q=0.9,en-US;q=0.8,en;q=0.7
Action.c(44):     Accept = */*
Action.c(44):     cookie = _gid=GA1.2.852016575.1685877169; _ga=GA1.1.823130365.1685877168; _ga_TBPYED8WSW=G
Action.c(44):     S1.1.1685888979.3.1.1685888992.0.0.0
Action.c(44):     (m,function(){J?(J=!1,b(e,e,d)):b(e,g,d);if(k)if(K(e))if(Aa(e)){g=\n
Action.c(44):     Array(e.length);for(var a=0;a<e.length;
Action.c(44): Error -27644: Step download timeout (120 seconds) has expired when only cross-step downloads (0) were active  	[MsgId: MERR-27644]
Action.c(44): Error -27644: Step download timeout (120 seconds) has expired when only cross-step downloads (0) were active  	[MsgId: MERR-27644]
End auto log messages stack.	[MsgId: MMSG-10544]
End auto log messages stack.	[MsgId: MMSG-10544]




Start auto log messages stack - Iteration 14.	[MsgId: MMSG-10545]
Action.c(72):     *\x12\xD2i\x10\x88a\x03$HZSCP\x9D\x84E \x08\x1A\x83\x03\xD6r\x8Bbwp\x02\xD3q\xE7;\xE6\x7F\xB3
Action.c(72):     \xCF\x8D\xD8\xC3\xEA\xC8\xDF\xF7\x03cO5\xB4\xAE\xECk\xCATG\xE5\x01\xE3\xAA\x16\xE4\xCAco\x11
Action.c(72):     \x17\rq\xB9#[4/~\x9A\xC8\x1F\x1C\xC0\x1E\xE1\x02\xCEY\xC3\x03\xDC\xAD\x86\x0Fxk\x8D\x00\xF0
Action.c(72):     \x85\xC6\x14\x08\xAA?\x18\x85\xBA\x11\xE1\r7\x139\xF0\xF6\x02\xC6`47L\xC0\xF8n\x98\x82\xC9
Action.c(72):     \xD20\x03\xD3\xDA0\x073aX\x80ye8\x03\x8B\xD5HE\xA5\xFC\x02\xFC\xB9MV\x00\x00\x00\x01R{\xF7
Action.c(72):     \x8A\x00\x00
Action.c(72): t=10687843ms: Request done "https://www.advantageonlineshopping.com/css/fonts/roboto_regular_macroman/Roboto-Regular-webfont.woff"  	[MsgId: MMSG-26000]
Action.c(72): Error -27644: Step download timeout (120 seconds) has expired when only cross-step downloads (0) were active  	[MsgId: MERR-27644]
End auto log messages stack.	[MsgId: MMSG-10544]


Start auto log messages stack - Iteration 8.	[MsgId: MMSG-10545]
Action.c(44):     ocusableElement=function(){return s.length>0?(s[0].focus(),!0):!1},w.focusLastFocusableEle
Action.c(44):     ment=function(){return s.length>0?(s[s.length-1].focus(),!0):!1},w.isFocusInFirstItem=func
Action.c(44):     tion(a){return s.length>0?(a.target||a.srcElement)==s[0]:!1},w.isFocusInLastItem=function(
Action.c(44):     a){return s.length>0?(a.target||a.srcElement)==s[s.length-1]:!1},w.clearFocusListCache=fun
Action.c(44):     ction(){s=[],x=0},w.loadFocusElementList=function(a){if((void 0===s||!s.length)&&a){var b=
Action.c(44):     a.value.modalDomEl;b&&b.length&&(s=b[0].querySelectorAll(y))}},w}]).provider("$uibModal",f
Action.c(44):     unction(){var a={options:{animation:!0,backdrop:!0,
Action.c(44): Error -27644: Step download timeout (120 seconds) has expired when only cross-step downloads (0) were active  	[MsgId: MERR-27644]
End auto log messages stack.	[MsgId: MMSG-10544]


Start auto log messages stack - Iteration 4.	[MsgId: MMSG-10545]
Action.c(44):     d-size:50%;background-position:90% 49%}.rowSecti
Action.c(44): t=10873500ms: 432-byte DECODED response body for "https://www.advantageonlineshopping.com/css/main.min.css" (RelFrameId=, Internal ID=101)
Action.c(44):     on>div.emptyCells{border:0}.rowSection>div.twoRows{position:absolute;top:0;bottom:0;height
Action.c(44):     :100%;padding-top:0;width:32%;background-position:top center}.categoryCell{overflow:hidden
Action.c(44):     }.categoryCell:hover .shop_now_slider{bottom:0}.categoryCell:hover .shop_now_slider .shop_
Action.c(44):     now{padding:26px 28px}.categoryCell.laptopImg:hover .shop_now_slider .shop_now{color:#2a2a
Action.c(44):     2a}.rowSection>div.twoRows span,.categoryCell.laptopImg span{color:#fff}
Action.c(44): Error -27644: Step download timeout (120 seconds) has expired when only cross-step downloads (0) were active  	[MsgId: MERR-27644]
End auto log messages stack.	[MsgId: MMSG-10544]


Start auto log messages stack - Iteration 14.	[MsgId: MMSG-10545]
Action.c(44):     lq;Y\xDB\xBA\xD1ut\r\x92\x8A%\xA0\xCCB\x80\xD3\xB0\x1F\x8D\xEF\xCAx\xDA(\x0Eb\xA4\x98\xA4\xB1
Action.c(44):     \xB8U/\xF4\xAD\xAC\xAD\x8A\xDD\xE1E`\x7F\xAF\xB5kj\xA3j\xE9n\xED\x8B\xB0\xAC\xB4\xA2\xACc\x19
Action.c(44):     \x02$\x95\x19\x82\xA4b\xDD\x15\xBBD\xDA\xD5\xE9\x9F\xF7\x19\xDDl(s\x0F\\q\xB3a<\xCC\xA4\xA4
Action.c(44):     \xEC\\\x1A\x81T\x90d@\x1E\x8C\xCB\xC4\x90i+\xE6\xB2\xE7\xEF*\xC6_\xBF.\xDA%\x1F\xF6\xDDs\x99
Action.c(44):     1\xDE\x13\xED\xE6\xE2\x90q\x1D\x13 \xA3?Hl\xA3c^u\x95\xF7R \x99\xBE\x88\x7F\xA3\x10z$\x96\xF6
Action.c(44):     \xFE+U\xBB]\xB3(\xE8^\xC2J\x91V\xF0\x0F\xE9\xF5:FY\xAF\x07
Action.c(44): t=10929175ms: Request done "https://www.googletagmanager.com/gtag/js?id=G-TBPYED8WSW"  	[MsgId: MMSG-26000]
Action.c(44): Error -27644: Step download timeout (120 seconds) has expired when only cross-step downloads (0) were active  	[MsgId: MERR-27644]
End auto log messages stack.	[MsgId: MMSG-10544]


Start auto log messages stack - Iteration 11.	[MsgId: MMSG-10545]
Action.c(44):     pe&&Xf.call(a,b,1);return a}function df(){var a={},b=!1;this.register=function(b,c){Sa(b,"
Action.c(44):     controller");K(b)?N(a,b):a[b]=c};this.allowGlobals=function(){b=!0};this.$get=["$injector"
Action.c(44):     ,"$window",function(d,c){function e(a,b,c,d){if(!a||!K(a.$scope))throw B("$controller")("n
Action.c(44):     oscp",d,b);a.$scope[b]=c}return function(f,g,h,k){var m,l,n;h=!0===h;k&&H(k)&&(n=k);if(H(f
Action.c(44):     )){k=f.match(Zc);if(!k)throw Yf("ctrlfmt",f);l=k[1];\n
Action.c(44):     n=n||k[3];f=a.hasOwnProperty(l)?a[l]:Bc(g.$scope,l,!0)||(b?Bc(c,l,!0):x);Ra(f,l,!0)}if(h)r
Action.c(44):     eturn h=(L(f)?f[f.length-1]:f).prototype,m=Object.create(h||null),n&&e(g,n,m,l
Action.c(44): Error -27644: Step download timeout (120 seconds) has expired when only cross-step downloads (0) were active  	[MsgId: MERR-27644]
End auto log messages stack.	[MsgId: MMSG-10544]


Start auto log messages stack - Iteration 18.	[MsgId: MMSG-10545]
Action.c(44):     \t\treturn [c,d];\n
Action.c(44):     \t}\n
Action.c(44):     \n
Action.c(44):     \t// Provide a clean event with standardized offset values.\n
Action.c(44):     \tfunction fixEvent ( e, pageOffset ) {\n
Action.c(44):     \n
Action.c(44):     \t\t// Prevent scrolling and panning on touch events, while\n
Action.c(44):     \t\t// attempting to slide. The tap event also depends on this.\n
Action.c(44):     \t\te.preventDefault();\n
Action.c(44):     \n
Action.c(44):     \t\t// Filter the event to register the type, which can be\n
Action.c(44):     \t\t// touch, mouse or pointer
Action.c(44): Error -27644: Step download timeout (120 seconds) has expired when only cross-step downloads (0) were active  	[MsgId: MERR-27644]
End auto log messages stack.	[MsgId: MMSG-10544]


Start auto log messages stack - Iteration 25.	[MsgId: MMSG-10545]
Action.c(44):     NaN(c)?o.popupCloseDelay:c}function y(b){N&&angular.isFunction(N.assign)&&N.assign(a,b)}fu
Action.c(44):     nction z(){P.length=0,O?(P.push(a.$watch(O,function(a){L.content=a,!a&&L.isOpen&&t()})),P.
Action.c(44):     push(D.$watch(function(){M||(M=!0,D.$$postDigest(function(){M=!1,L&&L.isOpen&&Q()}))}))):P
Action.c(44):     .push(d.$observe(e,function(a){L.content=a,!a&&L.isOpen?t():Q()})),P.push(d.$observe(k+"Ti
Action.c(44):     tle",function(a){L.title=a,L.isOpen&&Q()})),P.push(d.$observe(k+"Placement",function(a){L.
Action.c(44):     placement=a?a:o.placement,L.isOpen&&Q()}))}function A(){P.length&&(angular.forEach(P,funct
Action.c(44):     ion(a){a()}),P.length=0)}function B
Action.c(44): Error -27644: Step download timeout (120 seconds) has expired when only cross-step downloads (0) were active  	[MsgId: MERR-27644]
End auto log messages stack.	[MsgId: MMSG-10544]


Start auto log messages stack - Iteration 7.	[MsgId: MMSG-10545]
Action.c(44): t=11363505ms: 8174-byte response body for "https://www.advantageonlineshopping.com/catalog/fetchImage?image_id=1302" (RelFrameId=, Internal ID=208)
Action.c(44): t=11365567ms: 18-byte response body for "https://www.advantageonlineshopping.com/catalog/fetchImage?image_id=1302" (RelFrameId=, Internal ID=208)
Action.c(44): t=11365567ms: 8192-byte response body for "https://www.advantageonlineshopping.com/catalog/fetchImage?image_id=1302" (RelFrameId=, Internal ID=208)
Action.c(44): t=11365567ms: 3720-byte response body for "https://www.advantageonlineshopping.com/catalog/fetchImage?image_id=1302" (RelFrameId=, Internal ID=208)
Action.c(44): t=11365567ms: Request done "https://www.advantageonlineshopping.com/catalog/fetchImage?image_id=1302"  	[MsgId: MMSG-26000]
Action.c(44): Error -27644: Step download timeout (120 seconds) has expired when only cross-step downloads (0) were active  	[MsgId: MERR-27644]
End auto log messages stack.	[MsgId: MMSG-10544]


Start auto log messages stack - Iteration 12.	[MsgId: MMSG-10545]
Action.c(44): t=11416683ms: 8192-byte response body for "https://www.advantageonlineshopping.com/catalog/fetchImage?image_id=1300" (RelFrameId=, Internal ID=350)
Action.c(44): t=11416684ms: 8174-byte response body for "https://www.advantageonlineshopping.com/catalog/fetchImage?image_id=1300" (RelFrameId=, Internal ID=350)
Action.c(44): t=11422314ms: 18-byte response body for "https://www.advantageonlineshopping.com/catalog/fetchImage?image_id=1300" (RelFrameId=, Internal ID=350)
Action.c(44): t=11422314ms: 308-byte response body for "https://www.advantageonlineshopping.com/catalog/fetchImage?image_id=1300" (RelFrameId=, Internal ID=350)
Action.c(44): t=11422314ms: Request done "https://www.advantageonlineshopping.com/catalog/fetchImage?image_id=1300"  	[MsgId: MMSG-26000]
Action.c(44): Error -27644: Step download timeout (120 seconds) has expired when only cross-step downloads (0) were active  	[MsgId: MERR-27644]
End auto log messages stack.	[MsgId: MMSG-10544]


Start auto log messages stack - Iteration 11.	[MsgId: MMSG-10545]
Action.c(44):                         name: masterCredit.customername,\n
Action.c(44):                     }\n
Action.c(44):                     alreadyHaveMasterCreditCart = true;\n
Action.c(44):     \n
Action.c(44):                     var date = new Date();\n
Action.c(44):                     if (date.getFullYear() == s.card.expirationDate.year) {\n
Action.c(44):                         var currentMonth = date.getMonth() + 1;\n
Action.c(44):                         s.month = [];\n
Action.c(44):                         for (var i = currentMonth; i <= 12; i++) {\n
Action.c(44):                             s.month.push((
Action.c(44): Error -27644: Step download timeout (120 seconds) has expired when only cross-step downloads (0) were active  	[MsgId: MERR-27644]
End auto log messages stack.	[MsgId: MMSG-10544]


Start auto log messages stack - Iteration 12.	[MsgId: MMSG-10545]
Action.c(44):     .milliseconds||0)):o=new Date(n.year,n.month,n.date,n.hours,n.minutes,n.seconds,n.millisec
Action.c(44):     onds||0)),o}}}]),angular.module("ui.bootstrap.dateparser").value("$dateParserSuppressWarni
Action.c(44):     ng",!1).service("dateParser",["$log","$dateParserSuppressWarning","uibDateParser",function
Action.c(44):     (a,b,c){b||a.warn("dateParser is now deprecated. Use uibDateParser instead."),angular.exte
Action.c(44):     nd(this,c)}]),angular.module("ui.bootstrap.position",[]).factory("$uibPosition",["$documen
Action.c(44):     t","$window",function(a,b){function c(a,c){return a.currentStyle?a.currentStyle[c]:b.getCo
Action.c(44):     mputedStyle?b.getComputedStyle(a)[c]:a.style[c]}
Action.c(44): Error -27644: Step download timeout (120 seconds) has expired when only cross-step downloads (0) were active  	[MsgId: MERR-27644]
End auto log messages stack.	[MsgId: MMSG-10544]


Start auto log messages stack - Iteration 26.	[MsgId: MMSG-10545]
Action.c(44):     :\xBA\x06I\xC5\x12Pf!\xC0i\xD8\x8F\xC6we<m\x14\x071RL\xD2X\xDC\xAA\x17\xFAV\xD6V\xC5\xEE\xF0
Action.c(44):     "\xB0\xBF\xD7\xDA5\xB5Q\xB5t\xB7\xF6EXVZQ\xD6\xB1\x0C\x01\x92\xCA\x0CAR\xB1\xEE\x8A]"\xED\xEA
Action.c(44):     \xF4\xCF\xFB\x8Cn6\x94\xB9\x07\xAE\xB8\xD90\x1EfRRv.\x8D@*H2 \x0F\xC6eb\xC8\xB4\x15s\xD9\xF3
Action.c(44):     w\x15\xE3\xAF_\x17\xED\x92\x0F\xFB\xEE\xB9\xCC\x18\xEF\x89vsq\xC8\xB8\x8E\t\x90\xD1\x1F$\xB6
Action.c(44):     \xD11\xAF\xBA\xCA{)\x90L_\xC4\xBFQ\x08=\x12K{\xFF\x95\xAA\xDD\xAEY\x14t/a\xA5H+\xF8\x87\xF4
Action.c(44):     z\x1D\xA3\xAC\xD7\x03
Action.c(44): t=11495249ms: Request done "https://www.googletagmanager.com/gtag/js?id=G-TBPYED8WSW"  	[MsgId: MMSG-26000]
Action.c(44): Error -27644: Step download timeout (120 seconds) has expired when only cross-step downloads (0) were active  	[MsgId: MERR-27644]
End auto log messages stack.	[MsgId: MMSG-10544]


Start auto log messages stack - Iteration 19.	[MsgId: MMSG-10545]
Action.c(44):     tion o(a,b){var c=P(a)?[]:{};return Q(a,function(a,d){c[d]=b(a,d)}),c}function p(a,b){var 
Action.c(44):     d=1,f=2,i={},j=[],k=i,l=R(a.when(i),{$$promises:i,$$values:i});this.study=function(i){func
Action.c(44):     tion n(a,c){if(s[c]!==f){if(r.push(c),s[c]===d)throw r.splice(0,h(r,c)),new Error("Cyclic 
Action.c(44):     dependency: "+r.join(" -> "));if(s[c]=d,N(a))q.push(c,[function(){return b.get(a)}],j);els
Action.c(44):     e{var e=b.annotate(a);Q(e,function(a){a!==c&&i.hasOwnProperty(a)&&n(i[a],a)}),q.push(c,a,e
Action.c(44):     )}r.pop(),s[c]=f}}function o(a){return O(a)&&a.then&&a.$$promises}if(!O(i))throw new Error
Action.c(44):     ("'invocables' must be an object");var p=g(i||{}),q
Action.c(44): Error -27644: Step download timeout (120 seconds) has expired when only cross-step downloads (0) were active  	[MsgId: MERR-27644]
End auto log messages stack.	[MsgId: MMSG-10544]


Start auto log messages stack - Iteration 1.	[MsgId: MMSG-10545]
Start auto log messages stack - Iteration 1.	[MsgId: MMSG-10545]
Action.c(44):     (this,d);M.set(this,d,b),-1!==a.indexOf("-")&&void 0!==c&&M.set(this,a,b)})},null,b,argume
Action.c(44):     nts.length>1,null,!0)},removeData:function(a){return this.each(function(){M.remove(this,a)
Action.c(44):     a.nodeType?(this.context=this[0]=a,this.length=1,this):n.isFunction(a)?"undefined"!=typeof
Action.c(44):     })}}),n.extend({queue:function(a,b,c){var d;return a?(b=(b||"fx")+"queue",d=L.get(a,b),c&&
Action.c(44):      y.ready?y.ready(a):a(n):(void 0!==a.selector&&(this.selector=a.selector,this.context=a.co
Action.c(44):     (!d||n.isArray(c)?d=L.access(a,b,n.makeArray(c)):d.push(c)),d||[]):void 0},dequeue:functio
Action.c(44):     ntext),n.makeArray(a,this))};A.prototype=n.fn,y=n(l);var B=/^(?:parents|prev(?:Until|All))
Action.c(44):     n(a,b){b=b||"fx";var c=n.queue(a,b),
Action.c(44):     /,C={children:!0,contents:!0,next:!0,prev:!0};n.extend({dir:function(a,b,c){var d=[],e=voi
Action.c(44): t=11566580ms: 28-byte DECODED response body for "https://www.advantageonlineshopping.com/main.min.js" (RelFrameId=, Internal ID=6)
Action.c(44):     d 0!==c;while((a=a[b])&&9!==a.nodeType)if(1===a.nodeType){if(e&&n(a).is(c))break;d.push(a)
Action.c(44):     d=c.length,e=c.shift(),f=n._
Action.c(44): Error -27644: Step download timeout (120 seconds) has expired when only cross-step downloads (0) were active  	[MsgId: MERR-27644]
Action.c(44):     }return d},sibling:function(a,b){for(var c=[];a;a=a.nextSibling)1===a.nodeType&&a!==b&&c.p
Action.c(44):     ush(a);return c}}),n.fn.extend({has:function(a){var b=n(a,this),c=b.length;return this.
End auto log messages stack.	[MsgId: MMSG-10544]
Action.c(44): Error -27644: Step download timeout (120 seconds) has expired when only cross-step downloads (0) were active  	[MsgId: MERR-27644]


End auto log messages stack.	[MsgId: MMSG-10544]


Start auto log messages stack - Iteration 25.	[MsgId: MMSG-10545]
Action.c(44):                     // add to WSS Security header to soapEnvelope\n
Action.c(44):                     if (!!wssObj) {\n
Action.c(44):                         soapEnvelope.addHeader(wssObj);\n
Action.c(44):                     }\n
Action.c(44):                 }\n
Action.c(44):                 // append Method?\n
Action.c(44):                 if(!!config.appendMethodToURL && !!config.method){\n
Action.c(44):                     config.url += config.method;\n
Action.c(44):                 }\n
Action.c(44):                 return soapEnvelope.send({\n
Action.c(44):                     url: config.url
Action.c(44): Error -27644: Step download timeout (120 seconds) has expired when only cross-step downloads (0) were active  	[MsgId: MERR-27644]
End auto log messages stack.	[MsgId: MMSG-10544]


Start auto log messages stack - Iteration 8.	[MsgId: MMSG-10545]
Action.c(44):           {"attributeName" : "OPERATING SYSTEM", "attributeValue" : "Chrome"},\n
Action.c(44):           {"attributeName" : "CUSTOMIZATION", "attributeValue" : "Gaming"},\n
Action.c(44):           {"attributeName" : "PROCESSOR", "attributeValue" : "intel(R) Core(TM) i5-6300HQ"},\n
Action.c(44):           {"attributeName" : "DISPLAY", "attributeValue" : "15.6-inch diagonal HD BrightView W
Action.c(44):     LED-backlit Display (1366x768)"},\n
Action.c(44):           {"attributeName" : "MEMORY", "attributeValue" : "16GB DDR3 - 2 DIMM"}\n
Action.c(44):         ]}]
Action.c(44): t=11598678ms: Request done "https://www.advantageonlineshopping.com/app/tempFiles/popularProducts.json"  	[MsgId: MMSG-26000]
Action.c(44): Error -27644: Step download timeout (120 seconds) has expired when only cross-step downloads (0) were active  	[MsgId: MERR-27644]
End auto log messages stack.	[MsgId: MMSG-10544]


Start auto log messages stack - Iteration 13.	[MsgId: MMSG-10545]
Action.c(44):     nction(){a.support.transition=b(),a.support.transition&&(a.event.special.bsTransitionEnd={
Action.c(44):     bindType:a.support.transition.end,delegateType:a.support.transition.end,handle:function(b)
Action.c(44):     {if(a(b.target).is(this))return b.handleObj.handler.apply(this,arguments)}})})}(jQuery),+f
Action.c(44):     unction(a){"use strict";function b(b){return this.each(function(){var c=a(this),e=c.data("
Action.c(44):     bs.alert");e||c.data("bs.alert",e=new d(this)),"string"==typeof b&&e[b].call(c)})}var c='[
Action.c(44):     data-dismiss="alert"]',d=function(b){a(b).on("click",c,this.close)};d.VERSION="3.3.7",d.TR
Action.c(44):     AN
Action.c(44): Error -27644: Step download timeout (120 seconds) has expired when only cross-step downloads (0) were active  	[MsgId: MERR-27644]
End auto log messages stack.	[MsgId: MMSG-10544]


Start auto log messages stack - Iteration 13.	[MsgId: MMSG-10545]
Start auto log messages stack - Iteration 27.	[MsgId: MMSG-10545]
Start auto log messages stack - Iteration 2.	[MsgId: MMSG-10545]
Action.c(44):     go a span{font-size:22px}div.logo svg{width:25px;height:25px;top:2px}div.logo #mobile-btn{
Action.c(44):     isEmptyObject(i)&&(delete r.handle,L.remove(a,"events"))}},trigger:function(b,c,d,e){var f
Action.c(44):     float:left}div.mobile-btn-handler{margin:5px 2px}h3.roboto-regular{font-size:22px}#mobileS
Action.c(44):     ,g,h,i,k,m,o,p=[d||l],q=j.call(b,"type")?b.type:b,r=j.call(b,"namespace")?b.namespace.spli
Action.c(44):     earch .img{top:51px}#threeFormFactors{border:0!important;width:400px!important;height:800p
Action.c(44):     t("."):[];if(g=h=d=d||l,3!==d.nodeType&&8!==d.nodeType
Action.c(44):     x!important}#threeFormFactorsWeb,#threeFormFactorsWebMobile,#threeFormFactorsNativeMobile{
Action.c(44): t=11728019ms: 225-byte DECODED response body for "https://www.advantageonlineshopping.com/main.min.js" (RelFrameId=, Internal ID=820)
Action.c(44):     height:200px!important;width:300px!important}div.threeFormFactorsLines{display:none}div.ab
Action.c(44):     &&!X.test(q+n.event.triggered)&&(q.indexOf(".")>=0&&(r=q.split("."),q=r.shift(),r.sort()),
Action.c(44):     outPagePaddingCaption{padding-top:0!important}}
Action.c(44):     k=q.indexOf(":")<0&&"on"+q,b=b[n.expando]?b:new n.Event(q,"object"==typeof b&&b),b.isTrigg
Action.c(44): t=11726322ms: Request done "https://www.advantageonlineshopping.com/css/main.min.css"  	[MsgId: MMSG-26000]
Action.c(44):     er=e?2:3,b.namespace=r.join("."),b.namespace_
Action.c(44): Error -27644: Step download timeout (120 seconds) has expired when only cross-step downloads (0) were active  	[MsgId: MERR-27644]
Action.c(44): Error -27644: Step download timeout (120 seconds) has expired when only cross-step downloads (0) were active  	[MsgId: MERR-27644]
End auto log messages stack.	[MsgId: MMSG-10544]
End auto log messages stack.	[MsgId: MMSG-10544]




Start auto log messages stack - Iteration 8.	[MsgId: MMSG-10545]
Action.c(44):     {a[e]=b.info()});return a};a.get=function(a){return b[a]};return a}}function yf(){this.$ge
Action.c(44):     t=["$cacheFactory",function(a){return a("templates")}]}\n
Action.c(44):     function Cc(a,b){function d(a,b,c){var d=/^\\s*([@&]|=(\\*?))(\\??)\\s*(\\w*)\\s*$/,e=Z();
Action.c(44):     p(a,function(a,f){if(a in l)e[f]=l[a];else{var g=a.match(d);if(!g)throw ga("iscp",b,f,a,c?
Action.c(44):     "controller bindings definition":"isolate scope definition");e[f]={mode:g[1][0],collection
Action.c(44):     :"*"===g[2],optional:"?"===g[3],attrName:g[4]||f};g[4]&&(l[a]=e[f])}});return e}function c
Action.c(44):     (a){var b=a.charAt(0);if(!b|
Action.c(44): Error -27644: Step download timeout (120 seconds) has expired when only cross-step downloads (0) were active  	[MsgId: MERR-27644]
End auto log messages stack.	[MsgId: MMSG-10544]


Action.c(44):     sec-ch-ua = "Google Chrome";v="113", "Chromium";v="113", "Not-A.Brand";v="24"
Action.c(44):     sec-ch-ua-mobile = ?0
Action.c(44):     sec-ch-ua-platform = "Windows"
Action.c(44):     User-Agent = Mozilla/5.0 (Windows NT 10.0; Win64; x64) AppleWebKit/537.36 (KHTML, like Gec
Action.c(44):     ko) Chrome/113.0.0.0 Safari/537.36
Action.c(44):     Accept-Encoding = gzip, deflate, br
Action.c(44):     Accept-Language = ru-RU,ru;q=0.9,en-US;q=0.8,en;q=0.7
Action.c(44):     Accept = */*
Action.c(44):     cookie = _gid=GA1.2.852016575.1685877169; _ga=GA1.1.823130365.1685877168; _ga_TBPYED8WSW=G
Action.c(44):     S1.1.1685888979.3.1.1685888992.0.0.0
Action.c(44): Error -27644: Step download timeout (120 seconds) has expired when only cross-step downloads (0) were active  	[MsgId: MERR-27644]
End auto log messages stack.	[MsgId: MMSG-10544]


Start auto log messages stack - Iteration 27.	[MsgId: MMSG-10545]
Action.c(44):     expires: Thu, 15 Jun 2023 14:07:26 GMT\r\n
Action.c(44):     x-content-type-options: nosniff\r\n
Action.c(44):     x-xss-protection: 1; mode=block\r\n
Action.c(44):     x-frame-options: DENY\r\n
Action.c(44):     strict-transport-security: max-age=31536000; includeSubDomains; preload\r\n
Action.c(44):     \r\n
Action.c(44): t=11709830ms: 7910-byte response body for "https://www.advantageonlineshopping.com/catalog/fetchImage?image_id=1300" (RelFrameId=, Internal ID=837)
Action.c(44): t=11709915ms: 4088-byte response body for "https://www.advantageonlineshopping.com/catalog/fetchImage?image_id=1300" (RelFrameId=, Internal ID=837)
Action.c(44): Error -27644: Step download timeout (120 seconds) has expired when only cross-step downloads (0) were active  	[MsgId: MERR-27644]
Start auto log messages stack - Iteration 2.	[MsgId: MMSG-10545]
Action.c(44):     2a;background-color:transparent;color:#2a2a2a}button:hover{color:#fff;background-color:#2a
End auto log messages stack.	[MsgId: MMSG-10544]
Action.c(44):     2a2a}.a-button,.a-link{border:solid 2px #2a2a2a;color:#2a2a2a;font-size:12px;display:inlin


Action.c(44):     e-block;background-color:transparent;text-decoration:none;transition:all .3s ease}.a-butto
Action.c(44):     n{border:solid 2px #2a2a2a;padding:8px 13px;letter-spacing:.5px;font-weight:600}.a-link{bo
Action.c(44):     rder:solid 1px transparent!important}.a-link.buttonDisable{border:solid 1px transparent!im
Action.c(44):     portant}.a-link.buttonDisable:hover{border:solid 1px transparent!important}.a-button:hover
Action.c(44):     {color:#fff
Action.c(44): Error -27644: Step download timeout (120 seconds) has expired when only cross-step downloads (0) were active  	[MsgId: MERR-27644]
End auto log messages stack.	[MsgId: MMSG-10544]


Start auto log messages stack - Iteration 13.	[MsgId: MMSG-10545]
Start auto log messages stack - Iteration 13.	[MsgId: MMSG-10545]
Action.c(203):     ko) Chrome/113.0.0.0 Safari/537.36
Action.c(203):     Accept-Encoding = gzip, deflate, br
Action.c(203):     Accept-Language = ru-RU,ru;q=0.9,en-US;q=0.8,en;q=0.7
Action.c(203):     Accept = */*
Action.c(203):     cookie = _gid=GA1.2.852016575.1685877169; _ga=GA1.1.823130365.1685877168; _ga_TBPYED8WSW=G
Action.c(203):     S1.1.1685888979.3.1.1685888992.0.0.0; userCart=%7B%22userId%22%3A-1%2C%22productsInCart%22
Action.c(203):     %3A%5B%5D%7D; _gat=1
Action.c(203): Notify: Transaction "spiceal_offer" ended with a "Stop" status (Duration: 0,7991 Wasted Time: 0,0000).	[MsgId: MMSG-16871]
Abort was called from an action.	[MsgId: MMSG-10447]
Ending Vuser...	[MsgId: MMSG-15966]
Starting action vuser_end.	[MsgId: MMSG-15919]
Ending action vuser_end.	[MsgId: MMSG-15918]
Vuser Terminated.	[MsgId: MMSG-15963]
Action.c(203): Error -27760: Request "https://www.advantageonlineshopping.com/catalog/api/v1/categories/all_data" failed  	[MsgId: MERR-27760]
Action.c(44):     sec-ch-ua-platform = "Windows"
Action.c(44):     User-Agent = Mozilla/5.0 (Windows NT 10.0; Win64; x64) AppleWebKit/537.36 (KHTML, like Gec
Action.c(44):     ko) Chrome/113.0.0.0 Safari/537.36
Action.c(44):     Accept-Encoding = gzip, deflate, br
End auto log messages stack.	[MsgId: MMSG-10544]
Action.c(44):     Accept-Language = ru-RU,ru;q=0.9,en-US;q=0.8,en;q=0.7


Action.c(44):     Accept = */*
Action.c(44):     cookie = _gid=GA1.2.852016575.1685877169; _ga=GA1.1.823130365.1685877168; _ga_TBPYED8WSW=G
Action.c(44):     S1.1.1685888979.3.1.1685888992.0.0.0
Abort was called from an action.	[MsgId: MMSG-10447]
Ending Vuser...	[MsgId: MMSG-15966]
Starting action vuser_end.	[MsgId: MMSG-15919]
Ending action vuser_end.	[MsgId: MMSG-15918]
Vuser Terminated.	[MsgId: MMSG-15963]
Action.c(44): Error -27760: Request "https://www.advantageonlineshopping.com/" failed  	[MsgId: MERR-27760]
End auto log messages stack.	[MsgId: MMSG-10544]


