Start auto log messages stack - Iteration 2.	[MsgId: MMSG-10545]
Action.c(44):     \x9C\x86\xF5\xE8|W\xC6\xDDFI\x10#\xD5$\x8D\t\xA3^\xF9[Y]\xE6\xFB\xE3\xAB\xC0\xEE\xC1j\xD7$
Action.c(44):     o\xA1\x96\xEF\x86\xBC\n
Action.c(44):     \xCBJJ\xCA\xDA\x92\xE7:T2q=.Y\xAB&\xA9\x14?;=9\xEE3\xBC\xD9R\xE6l\x18\xDCl\x99\xC1V\xC0u]\x9C
Action.c(44):     K\xB7\x8C\n
Action.c(44):     \xE2\x14\xD8\x83q\x99\x1A2m%\\\xF6\xEC]\xC9\xF8\xEB\xB7\x84\xFB\xE4\xE3\xBA{.S\xC6;\xAA\xDD
Action.c(44):     \x9C\x1F0\xAE#\x06d\xF4\x07\x89^:\xD2\xB5m\xE2\xA0\x84\x9EB!\xA9\xB4\xF7^\xAB\xDA\xED\xBAE
Action.c(44):     N\x0F\x12\xD6\x8A\xB5\x82\xBFI\xA7\xD32\xCA:\x1D
Action.c(44): t=13227269ms: Request done "https://www.googletagmanager.com/gtag/js?id=G-TBPYED8WSW"  	[MsgId: MMSG-26000]
Action.c(44): Error -27644: Step download timeout (120 seconds) has expired when only cross-step downloads (0) were active  	[MsgId: MERR-27644]
End auto log messages stack.	[MsgId: MMSG-10544]


Start auto log messages stack - Iteration 10.	[MsgId: MMSG-10545]
Action.c(44):     5px;height:25px;top:2px}div.logo #mobile-btn{float:left}div.mobile-btn-handler{margin:5px 
Action.c(44):     2px}h3.roboto-regular{font-size:22px}#mobileSearch .img{top:51px}#threeFormFactors{border:
Action.c(44):     0!important;width:400px!important;height:800px!important}#threeFormFactorsWeb,#threeFormFa
Action.c(44):     ctorsWebMobile,#threeFormFactorsNativeMobile{height:200px!important;width:300px!important}
Action.c(44):     div.threeFormFactorsLines{display:none}div.aboutPagePaddingCaption{padding-top:0!important
Action.c(44):     }}
Action.c(44): t=13949906ms: Request done "https://www.advantageonlineshopping.com/css/main.min.css"  	[MsgId: MMSG-26000]
Action.c(44): Error -27644: Step download timeout (120 seconds) has expired when only cross-step downloads (0) were active  	[MsgId: MERR-27644]
End auto log messages stack.	[MsgId: MMSG-10544]


Start auto log messages stack - Iteration 14.	[MsgId: MMSG-10545]
Action.c(44):     last-modified: Wed, 31 May 2023 08:27:08 GMT\r\n
Action.c(44):     cache-control: max-age=600\r\n
Action.c(44):     expires: Tue, 06 Jun 2023 14:48:31 GMT\r\n
Action.c(44):     vary: accept-encoding\r\n
Action.c(44):     content-encoding: gzip\r\n
Action.c(44):     strict-transport-security: max-age=31536000; includeSubDomains; preload\r\n
Action.c(44):     \r\n
Action.c(44): t=14725745ms: 8192-byte response body for "https://www.advantageonlineshopping.com/catalog/fetchImage?image_id=1300" (RelFrameId=, Internal ID=416)
Action.c(44): t=14725745ms: 6587-byte response body for "https://www.advantageonlineshopping.com/catalog/fetchImage?image_id=1300" (RelFrameId=, Internal ID=416)
Action.c(44): Error -27644: Step download timeout (120 seconds) has expired when only cross-step downloads (0) were active  	[MsgId: MERR-27644]
End auto log messages stack.	[MsgId: MMSG-10544]


Start auto log messages stack - Iteration 22.	[MsgId: MMSG-10545]
Action.c(44): t=19897481ms: 8192-byte response body for "https://www.advantageonlineshopping.com/catalog/fetchImage?image_id=1301" (RelFrameId=, Internal ID=660)
Action.c(44): t=19897482ms: 8174-byte response body for "https://www.advantageonlineshopping.com/catalog/fetchImage?image_id=1301" (RelFrameId=, Internal ID=660)
Action.c(44): t=19910918ms: 18-byte response body for "https://www.advantageonlineshopping.com/catalog/fetchImage?image_id=1301" (RelFrameId=, Internal ID=660)
Action.c(44): t=19910918ms: 8192-byte response body for "https://www.advantageonlineshopping.com/catalog/fetchImage?image_id=1301" (RelFrameId=, Internal ID=660)
Action.c(44): t=19910918ms: 8156-byte response body for "https://www.advantageonlineshopping.com/catalog/fetchImage?image_id=1301" (RelFrameId=, Internal ID=660)
Action.c(44): Error -27644: Step download timeout (120 seconds) has expired when only cross-step downloads (0) were active  	[MsgId: MERR-27644]
End auto log messages stack.	[MsgId: MMSG-10544]


Start auto log messages stack - Iteration 25.	[MsgId: MMSG-10545]
Action.c(44):          * @param {String} text the text to execute/evaluate.\n
Action.c(44):          */\n
Action.c(44):         req.exec = function (text) {\n
Action.c(44):             /*jslint evil: true */\n
Action.c(44):             return eval(text);\n
Action.c(44):         };\n
Action.c(44):     \n
Action.c(44):         //Set up with config info.\n
Action.c(44):         req(cfg);\n
Action.c(44):     }(this));\n
Action.c(44): t=20238877ms: Request done "https://www.advantageonlineshopping.com/vendor/requirejs/require.js"  	[MsgId: MMSG-26000]
Action.c(44): Error -27644: Step download timeout (120 seconds) has expired when only cross-step downloads (0) were active  	[MsgId: MERR-27644]
End auto log messages stack.	[MsgId: MMSG-10544]


Start auto log messages stack - Iteration 24.	[MsgId: MMSG-10545]
Action.c(44):     x-xss-protection: 1; mode=block\r\n
Action.c(44):     x-frame-options: DENY\r\n
Action.c(44):     strict-transport-security: max-age=31536000; includeSubDomains; preload\r\n
Action.c(44):     \r\n
Action.c(44): t=20223416ms: 1116-byte response body for "https://www.advantageonlineshopping.com/catalog/fetchImage?image_id=1302" (RelFrameId=, Internal ID=703)
Action.c(44): t=20224850ms: 8184-byte response body for "https://www.advantageonlineshopping.com/catalog/fetchImage?image_id=1302" (RelFrameId=, Internal ID=703)
Action.c(44): t=20224981ms: 4096-byte response body for "https://www.advantageonlineshopping.com/catalog/fetchImage?image_id=1302" (RelFrameId=, Internal ID=703)
Action.c(44): Error -27644: Step download timeout (120 seconds) has expired when only cross-step downloads (0) were active  	[MsgId: MERR-27644]
End auto log messages stack.	[MsgId: MMSG-10544]


Start auto log messages stack - Iteration 21.	[MsgId: MMSG-10545]
Action.c(44):     :0;font-size:0;overflow:hidden;opacity:0;padding-top:10px!important}#orderPayment .penetra
Action.c(44):     tionInCart>label.shippingText{font-size:12px}#orderPayment .penetrationInCart>label span.s
Action.c(44):     hippingValue{font-size:14px}#orderPayment .penetrationInCart>label.totalText{font-size:15p
Action.c(44):     x}#orderPayment .penetrationInCart>label span.to
Action.c(44): t=20399129ms: 149-byte DECODED response body for "https://www.advantageonlineshopping.com/css/main.min.css" (RelFrameId=, Internal ID=640)
Action.c(44):     talValue{font-size:20px}#orderPayment .totalTitle{position:absolute;right:11px;top:4px}#or
Action.c(44):     derPayment #toolTipCart tbody .price{height:100%;padding:50
Action.c(44): Error -27644: Step download timeout (120 seconds) has expired when only cross-step downloads (0) were active  	[MsgId: MERR-27644]
End auto log messages stack.	[MsgId: MMSG-10544]


Start auto log messages stack - Iteration 7.	[MsgId: MMSG-10545]
Action.c(44): t=20363382ms: 18-byte response body for "https://www.advantageonlineshopping.com/catalog/fetchImage?image_id=1301" (RelFrameId=, Internal ID=208)
Action.c(44): t=20363382ms: 8192-byte response body for "https://www.advantageonlineshopping.com/catalog/fetchImage?image_id=1301" (RelFrameId=, Internal ID=208)
Action.c(44): t=20363382ms: 8156-byte response body for "https://www.advantageonlineshopping.com/catalog/fetchImage?image_id=1301" (RelFrameId=, Internal ID=208)
Action.c(44): t=20363649ms: 36-byte response body for "https://www.advantageonlineshopping.com/catalog/fetchImage?image_id=1301" (RelFrameId=, Internal ID=208)
Action.c(44): t=20363649ms: 7949-byte response body for "https://www.advantageonlineshopping.com/catalog/fetchImage?image_id=1301" (RelFrameId=, Internal ID=208)
Action.c(44): Error -27644: Step download timeout (120 seconds) has expired when only cross-step downloads (0) were active  	[MsgId: MERR-27644]
End auto log messages stack.	[MsgId: MMSG-10544]


Start auto log messages stack - Iteration 7.	[MsgId: MMSG-10545]
Action.c(44):     \x95\xD5e\xBE?\xBE\n
Action.c(44):     \xEC\x1E\xACvM\xF2\x16j\xF9n\xC8\xAB\xB0\xAC\xA4\xA4\xAC-y\xAEC%\x13\xD7\xE3\x92\xB5j\x92J
Action.c(44):     \xF1\xB3\xD3\x93\xE3>\xC3\x9B-e\xCE\x86\xC1\xCD\x96\x19l\x05\\\xD7\xC5\xB9t\xCB\xA8 N\x81=
Action.c(44):     \x18\x97\xA9!\xD3V\xC2e\xCF\xDE\x95\x8C\xBF~K\xB8O>\xAE\xBB\xE72e\xBC\xA3\xDA\xCD\xF9\x01\xE3
Action.c(44):     :b@F\x7F\x90\xE8\xA5#]\xDB&\x0EJ\xE8)\x14\x92J{\xEF\xB5\xAA\xDD\xAE[\xE4\xF4 a\xADX+\xF8\x9B
Action.c(44):     t:-\xA3\xAC\xD3\x01
Action.c(44): t=20466597ms: Request done "https://www.googletagmanager.com/gtag/js?id=G-TBPYED8WSW"  	[MsgId: MMSG-26000]
Action.c(44): Error -27644: Step download timeout (120 seconds) has expired when only cross-step downloads (0) were active  	[MsgId: MERR-27644]
End auto log messages stack.	[MsgId: MMSG-10544]


Start auto log messages stack - Iteration 9.	[MsgId: MMSG-10545]
Action.c(44):     x-xss-protection: 1; mode=block\r\n
Action.c(44):     x-frame-options: DENY\r\n
Action.c(44):     strict-transport-security: max-age=31536000; includeSubDomains; preload\r\n
Action.c(44):     \r\n
Action.c(44): t=20781054ms: 7910-byte response body for "https://www.advantageonlineshopping.com/catalog/fetchImage?image_id=1301" (RelFrameId=, Internal ID=275)
Action.c(44): t=20781054ms: 4088-byte response body for "https://www.advantageonlineshopping.com/catalog/fetchImage?image_id=1301" (RelFrameId=, Internal ID=275)
Action.c(44): t=20805411ms: 6224-byte response body for "https://www.advantageonlineshopping.com/catalog/fetchImage?image_id=1300" (RelFrameId=, Internal ID=273)
Action.c(44): Error -27644: Step download timeout (120 seconds) has expired when only cross-step downloads (0) were active  	[MsgId: MERR-27644]
End auto log messages stack.	[MsgId: MMSG-10544]


Start auto log messages stack - Iteration 10.	[MsgId: MMSG-10545]
Action.c(44):     //var orderKey = "http://localhost:8080/order";\n
Action.c(44):     //var accountKey = "http://localhost:8080/account";\n
Action.c(44):     //var serviceKey = "http://localhost:8080/service";\n
Action.c(44):     //var wsdlPath = 'http://localhost:8080/accountservice';\n
Action.c(44):     var catalogKey = serverKey = orderKey = wsdlPath = "undefined";\n
Action.c(44):     /*accountKey =*//* serviceKey =*/\n
Action.c(44):     \n
Action.c(44):     var server = {\n
Action.c(44):         namespaceURL: 'com.advantage.online.store.accountservice',\n
Action.c(44):     \n
Action.c(44):         
Action.c(44): Error -27644: Step download timeout (120 seconds) has expired when only cross-step downloads (0) were active  	[MsgId: MERR-27644]
End auto log messages stack.	[MsgId: MMSG-10544]


