Virtual User Script started at: 04.06.2023 18:15:45
Starting action vuser_init.
Web Turbo Replay of LoadRunner 2020.0.0 for Windows 10; build 793 (ноя 27 2019 19:51:20)  	[MsgId: MMSG-26983]
Run mode: HTML  	[MsgId: MMSG-26993]
Replay user agent: Mozilla/5.0 (Windows NT 10.0; Win64; x64) AppleWebKit/537.36 (KHTML, like Gecko) Chrome/113.0.0.0 Safari/537.36  	[MsgId: MMSG-26988]
Runtime Settings file: "C:\Users\User\Documents\VuGen\Scripts\WebHttpHtml2\\default.cfg"  	[MsgId: MMSG-27141]
Ending action vuser_init.
Running Vuser...
Starting iteration 1.
Maximum number of concurrent connections per server: 6  	[MsgId: MMSG-26989]
Starting action Action.
Action.c(4): web_set_sockets_option started  	[MsgId: MMSG-26355]
Action.c(4): web_set_sockets_option was successful  	[MsgId: MMSG-26392]
Action.c(6): web_set_user started  	[MsgId: MMSG-26355]
Action.c(6): web_set_user was successful  	[MsgId: MMSG-26392]
Action.c(10): web_add_cookie started  	[MsgId: MMSG-26355]
Action.c(10): web_add_cookie was successful  	[MsgId: MMSG-26392]
Action.c(12): web_add_cookie started  	[MsgId: MMSG-26355]
Action.c(12): web_add_cookie was successful  	[MsgId: MMSG-26392]
Action.c(14): web_add_cookie started  	[MsgId: MMSG-26355]
Action.c(14): web_add_cookie was successful  	[MsgId: MMSG-26392]
Action.c(16): web_add_cookie started  	[MsgId: MMSG-26355]
Action.c(16): web_add_cookie was successful  	[MsgId: MMSG-26392]
Action.c(18): web_add_cookie started  	[MsgId: MMSG-26355]
Action.c(18): web_add_cookie was successful  	[MsgId: MMSG-26392]
Action.c(20): web_add_header("Sec-Fetch-Site") started  	[MsgId: MMSG-26355]
Action.c(20): web_add_header("Sec-Fetch-Site") was successful  	[MsgId: MMSG-26392]
Action.c(23): web_add_header("Sec-Fetch-Mode") started  	[MsgId: MMSG-26355]
Action.c(23): web_add_header("Sec-Fetch-Mode") was successful  	[MsgId: MMSG-26392]
Action.c(26): web_add_header("Sec-Fetch-Dest") started  	[MsgId: MMSG-26355]
Action.c(26): web_add_header("Sec-Fetch-Dest") was successful  	[MsgId: MMSG-26392]
Action.c(29): web_add_header("Sec-Fetch-User") started  	[MsgId: MMSG-26355]
Action.c(29): web_add_header("Sec-Fetch-User") was successful  	[MsgId: MMSG-26392]
Action.c(32): web_add_header("Upgrade-Insecure-Requests") started  	[MsgId: MMSG-26355]
Action.c(32): web_add_header("Upgrade-Insecure-Requests") was successful  	[MsgId: MMSG-26392]
Action.c(35): web_add_auto_header("sec-ch-ua") started  	[MsgId: MMSG-26355]
Action.c(35): web_add_auto_header("sec-ch-ua") was successful  	[MsgId: MMSG-26392]
Action.c(38): web_add_auto_header("sec-ch-ua-mobile") started  	[MsgId: MMSG-26355]
Action.c(38): web_add_auto_header("sec-ch-ua-mobile") was successful  	[MsgId: MMSG-26392]
Action.c(41): web_add_auto_header("sec-ch-ua-platform") started  	[MsgId: MMSG-26355]
Action.c(41): web_add_auto_header("sec-ch-ua-platform") was successful  	[MsgId: MMSG-26392]
Action.c(44): web_url("www.advantageonlineshopping.com") started  	[MsgId: MMSG-26355]
Action.c(44): Found resource "https://www.advantageonlineshopping.com/css/main.min.css" in HTML "https://www.advantageonlineshopping.com/"  	[MsgId: MMSG-26659]
Action.c(44): Found resource "https://www.googletagmanager.com/gtag/js?id=G-TBPYED8WSW" in HTML "https://www.advantageonlineshopping.com/"  	[MsgId: MMSG-26659]
Action.c(44): Found resource "https://www.advantageonlineshopping.com/css/images/Down_arrow.svg" in HTML "https://www.advantageonlineshopping.com/"  	[MsgId: MMSG-26659]
Action.c(44): Found resource "https://www.advantageonlineshopping.com/vendor/requirejs/require.js" in HTML "https://www.advantageonlineshopping.com/"  	[MsgId: MMSG-26659]
Action.c(44): Downloading resource "https://www.advantageonlineshopping.com/main.min.js" (specified by argument number 11)  	[MsgId: MMSG-26577]
Action.c(44): Downloading resource "https://www.advantageonlineshopping.com/services.properties" (specified by argument number 13)  	[MsgId: MMSG-26577]
Action.c(44): Downloading resource "https://www.advantageonlineshopping.com/app/tempFiles/popularProducts.json" (specified by argument number 15)  	[MsgId: MMSG-26577]
Action.c(44): Downloading resource "https://www.advantageonlineshopping.com/catalog/fetchImage?image_id=1300" (specified by argument number 17)  	[MsgId: MMSG-26577]
Action.c(44): Downloading resource "https://www.advantageonlineshopping.com/catalog/fetchImage?image_id=1302" (specified by argument number 19)  	[MsgId: MMSG-26577]
Action.c(44): Downloading resource "https://www.advantageonlineshopping.com/catalog/fetchImage?image_id=1301" (specified by argument number 21)  	[MsgId: MMSG-26577]
Action.c(44): Warning -26604: Unsupported "Content-Encoding"  	[MsgId: MWAR-26604]
Action.c(44): web_url("www.advantageonlineshopping.com") highest severity level was "warning", 532382 body bytes, 4508 header bytes  	[MsgId: MMSG-26388]
Action.c(61): web_add_cookie started  	[MsgId: MMSG-26355]
Action.c(61): web_add_cookie was successful  	[MsgId: MMSG-26392]
Action.c(63): web_add_auto_header("Sec-Fetch-Dest") started  	[MsgId: MMSG-26355]
Action.c(63): web_add_auto_header("Sec-Fetch-Dest") was successful  	[MsgId: MMSG-26392]
Action.c(66): web_add_auto_header("Sec-Fetch-Mode") started  	[MsgId: MMSG-26355]
Action.c(66): web_add_auto_header("Sec-Fetch-Mode") was successful  	[MsgId: MMSG-26392]
Action.c(69): web_add_auto_header("Sec-Fetch-Site") started  	[MsgId: MMSG-26355]
Action.c(69): web_add_auto_header("Sec-Fetch-Site") was successful  	[MsgId: MMSG-26392]
Action.c(72): web_url("ALL") started  	[MsgId: MMSG-26355]
Action.c(72): Downloading resource "https://www.advantageonlineshopping.com/css/fonts/roboto_regular_macroman/Roboto-Regular-webfont.woff" (specified by argument number 10)  	[MsgId: MMSG-26577]
Action.c(72): Downloading resource "https://www.advantageonlineshopping.com/css/fonts/roboto_medium_macroman/Roboto-Medium-webfont.woff" (specified by argument number 13)  	[MsgId: MMSG-26577]
Action.c(72): Downloading resource "https://www.advantageonlineshopping.com/css/fonts/roboto_light_macroman/Roboto-Light-webfont.woff" (specified by argument number 16)  	[MsgId: MMSG-26577]
Action.c(72): web_url("ALL") was successful, 81185 body bytes, 1524 header bytes  	[MsgId: MMSG-26386]
Action.c(86): web_add_cookie started  	[MsgId: MMSG-26355]
Action.c(86): web_add_cookie was successful  	[MsgId: MMSG-26392]
Action.c(88): web_add_header("Origin") started  	[MsgId: MMSG-26355]
Action.c(88): web_add_header("Origin") was successful  	[MsgId: MMSG-26392]
Action.c(91): web_add_header("SOAPAction") started  	[MsgId: MMSG-26355]
Action.c(91): web_add_header("SOAPAction") was successful  	[MsgId: MMSG-26392]
Action.c(94): web_add_header("X-Requested-With") started  	[MsgId: MMSG-26355]
Action.c(94): web_add_header("X-Requested-With") was successful  	[MsgId: MMSG-26392]
Action.c(97): web_custom_request("GetAccountConfigurationRequest") started  	[MsgId: MMSG-26355]
Action.c(97): web_custom_request("GetAccountConfigurationRequest") was successful, 823 body bytes, 735 header bytes  	[MsgId: MMSG-26386]
Action.c(110): web_url("categories") started  	[MsgId: MMSG-26355]
Action.c(110): web_url("categories") was successful, 4473 body bytes, 375 header bytes  	[MsgId: MMSG-26386]
Action.c(120): web_url("search") started  	[MsgId: MMSG-26355]
Action.c(120): web_url("search") was successful, 351 body bytes, 375 header bytes  	[MsgId: MMSG-26386]
Action.c(130): web_url("home-page.html") started  	[MsgId: MMSG-26355]
Action.c(130): Found resource "https://www.advantageonlineshopping.com/app/views/css/images/Special-offer.jpg" in HTML "https://www.advantageonlineshopping.com/app/views/home-page.html"  	[MsgId: MMSG-26659]
Action.c(130): Found resource "https://www.advantageonlineshopping.com/css/images/chat_logo.png" in HTML "https://www.advantageonlineshopping.com/app/views/home-page.html"  	[MsgId: MMSG-26659]
Action.c(130): Found resource "https://www.advantageonlineshopping.com/app/views/" in HTML "https://www.advantageonlineshopping.com/app/views/home-page.html"  	[MsgId: MMSG-26659]
Action.c(130): Downloading resource "https://www.advantageonlineshopping.com/css/fonts/roboto_bold_macroman/Roboto-Bold-webfont.woff" (specified by argument number 9)  	[MsgId: MMSG-26577]
Action.c(130): Downloading resource "https://www.advantageonlineshopping.com/css/fonts/roboto_thin_macroman/Roboto-Thin-webfont.woff" (specified by argument number 12)  	[MsgId: MMSG-26577]
Action.c(130): Warning -26627: HTTP Status-Code=404 (Not Found) for "https://www.advantageonlineshopping.com/app/views/css/images/Special-offer.jpg"  	[MsgId: MWAR-26627]
Action.c(130): Warning -26627: HTTP Status-Code=404 (Not Found) for "https://www.advantageonlineshopping.com/app/views/"  	[MsgId: MWAR-26627]
Action.c(130): web_url("home-page.html") highest severity level was "warning", 56011 body bytes, 2201 header bytes  	[MsgId: MMSG-26388]
Action.c(142): Notify: Transaction "login" started.
Action.c(145): web_add_header("Origin") started  	[MsgId: MMSG-26355]
Action.c(145): web_add_header("Origin") was successful  	[MsgId: MMSG-26392]
Action.c(148): web_add_header("SOAPAction") started  	[MsgId: MMSG-26355]
Action.c(148): web_add_header("SOAPAction") was successful  	[MsgId: MMSG-26392]
Action.c(151): web_add_header("X-Requested-With") started  	[MsgId: MMSG-26355]
Action.c(151): web_add_header("X-Requested-With") was successful  	[MsgId: MMSG-26392]
Action.c(156): web_custom_request("AccountLoginRequest") started  	[MsgId: MMSG-26355]
Action.c(156): web_custom_request("AccountLoginRequest") was successful, 786 body bytes, 735 header bytes  	[MsgId: MMSG-26386]
Action.c(170): web_set_sockets_option started  	[MsgId: MMSG-26355]
Action.c(170): web_set_sockets_option was successful  	[MsgId: MMSG-26392]
Action.c(172): web_url("115181649") started  	[MsgId: MMSG-26355]
Action.c(172): web_url("115181649") was successful, 2909 body bytes, 407 header bytes  	[MsgId: MMSG-26386]
Action.c(182): web_add_header("Origin") started  	[MsgId: MMSG-26355]
Action.c(182): web_add_header("Origin") was successful  	[MsgId: MMSG-26392]
Action.c(185): web_custom_request("115181649") started  	[MsgId: MMSG-26355]
Action.c(185): web_custom_request("115181649") was successful, 2909 body bytes, 407 header bytes  	[MsgId: MMSG-26386]
Action.c(197): Notify: Transaction "login" ended with a "Pass" status (Duration: 0,9168 Wasted Time: 0,0196).
Action.c(201): Notify: Transaction "spiceal_offer" started.
Action.c(203): web_url("all_data") started  	[MsgId: MMSG-26355]
Action.c(203): web_url("all_data") was successful, 8484 body bytes, 375 header bytes  	[MsgId: MMSG-26386]
Action.c(213): web_url("3") started  	[MsgId: MMSG-26355]
Action.c(213): web_url("3") was successful, 646 body bytes, 375 header bytes  	[MsgId: MMSG-26386]
Action.c(223): web_url("product-page.html") started  	[MsgId: MMSG-26355]
Action.c(223): Found resource "https://www.advantageonlineshopping.com/css/images/review_right.png" in HTML "https://www.advantageonlineshopping.com/app/views/product-page.html"  	[MsgId: MMSG-26659]
Action.c(223): Found resource "https://www.advantageonlineshopping.com/css/images/reviewUser.png" in HTML "https://www.advantageonlineshopping.com/app/views/product-page.html"  	[MsgId: MMSG-26659]
Action.c(223): Found resource "https://www.advantageonlineshopping.com/css/images/review_Left_disabled.png" in HTML "https://www.advantageonlineshopping.com/app/views/product-page.html"  	[MsgId: MMSG-26659]
Action.c(223): web_url("product-page.html") was successful, 6064 body bytes, 1564 header bytes  	[MsgId: MMSG-26386]
Action.c(232): Notify: Transaction "spiceal_offer" ended with a "Pass" status (Duration: 1,5346 Wasted Time: 0,0218).
Action.c(234): Notify: Transaction "color" started.
Action.c(236): Notify: Transaction "color" ended with a "Pass" status (Duration: 0,0156).
Action.c(238): Notify: Transaction "quantity" started.
Action.c(240): Notify: Transaction "quantity" ended with a "Pass" status (Duration: 0,0156).
Ending action Action.
Ending iteration 1.
Ending Vuser...
Starting action vuser_end.
Ending action vuser_end.
Vuser Terminated.
