Start auto log messages stack - Iteration 1.	[MsgId: MMSG-10545]
Action.c(72):     \x86\x15V\xCA\xC1\x87\x1Av\xED\xEA\xD2\xC1W(\xA7e\x8F(_s\x17X0\xC4\xAC\x9D\xA8kz\xBCO\xB5Y
Action.c(72):     \x8A\xCB\xDE{\x1F\xE5G0\xFA,\x01Yb\x13\xBB\x80l\x1B\xC6v(\x0B\xB0H\xC6b1\x90\xE4k#\x90\x84
Action.c(72):     \xB5\xD7\xCE\x14j\xDD\xF8\x8D\x90\x92L\x0B\xEF0\xB1!9)\xD7$\x05\x98\xAA\x12fo\xE1\x92\x86q
Action.c(72):     \xE3G-\xCCm|\xDF\x17\xFB\xCB\xF4\xA7\xF6\x90Z~m\xD3\xC2[\xE6\xF5\xE8&\xB8N\xBE~\xDF\x88\xF1
Action.c(72):     \x87q]9\xE0\xB6\xFE\x07\xD6\x95\x14c"-cL\x81\xE6\x18S\xE0\x1C1\xA6\x987\x18\xA3\x11\x99\x9C
Action.c(72):     \x93\x87<\x92\xF7\xC3\x93\xDA\xF2\xF7\xC4.M\x15\xA3F\xF1\x07N\xBENqP\xC0q\xA6\xBF\xC3\xBD\xDC
Action.c(72):     \xDC*.\xEE\xA6u\x98)\x18_\xA2[\xDCd\xA1\xF1%\x99\xDD\x14\xD8
Action.c(72): Error -27644: Step download timeout (120 seconds) has expired when only cross-step downloads (0) were active  	[MsgId: MERR-27644]
End auto log messages stack.	[MsgId: MMSG-10544]


Start auto log messages stack - Iteration 4.	[MsgId: MMSG-10545]
Action.c(44):                    this.enabled, this.fetched\n
Action.c(44):                 */\n
Action.c(44):             };\n
Action.c(44):     \n
Action.c(44):             Module.prototype = {\n
Action.c(44):                 init: function (depMaps, factory, errback, options) {\n
Action.c(44):                     options = options || {};\n
Action.c(44):     \n
Action.c(44):                     //Do not do more inits if already done. Can happen if there\n
Action.c(44):                     //are multiple define calls for the same module. That is not\n
Action.c(44):                     //a normal,
Action.c(44): Error -27644: Step download timeout (120 seconds) has expired when only cross-step downloads (0) were active  	[MsgId: MERR-27644]
End auto log messages stack.	[MsgId: MMSG-10544]


