Start auto log messages stack - Iteration 17.	[MsgId: MMSG-10545]
Action.c(44):     .webkitCancelAnimationFrame||a.webkitCancelRequestAnimationFrame,e=!!d,f=e?function(a){var
Action.c(44):      b=d(a);return function(){c(b)}}:function(a){var c=\n
Action.c(44):     b(a,16.66,!1);return function(){b.cancel(c)}};f.supported=e;return f}]}function sf(){funct
Action.c(44):     ion a(a){function b(){this.$$watchers=this.$$nextSibling=this.$$childHead=this.$$childTail
Action.c(44):     =null;this.$$listeners={};this.$$listenerCount={};this.$$watchersCount=0;this.$id=++mb;thi
Action.c(44):     s.$$ChildScope=null}b.prototype=a;return b}var b=10,d=B("$rootScope"),c=null,e=null;this.d
Action.c(44):     igestTtl=function(a){arguments.length&&(b=a);return b};this.$get=["$injector","$
Action.c(44): Error -27644: Step download timeout (120 seconds) has expired when only cross-step downloads (0) were active  	[MsgId: MERR-27644]
End auto log messages stack.	[MsgId: MMSG-10544]


Start auto log messages stack - Iteration 12.	[MsgId: MMSG-10545]
Action.c(268):     Sec-Fetch-Mode = cors
Action.c(268):     Sec-Fetch-Site = same-origin
Action.c(268):     User-Agent = Mozilla/5.0 (Windows NT 10.0; Win64; x64) AppleWebKit/537.36 (KHTML, like Gec
Action.c(268):     ko) Chrome/113.0.0.0 Safari/537.36
Action.c(268):     Accept-Encoding = gzip, deflate, br
Action.c(268):     Accept-Language = ru-RU,ru;q=0.9,en-US;q=0.8,en;q=0.7
Action.c(268):     Accept = */*
Action.c(268):     cookie = _gid=GA1.2.852016575.1685877169; _ga=GA1.1.823130365.1685877168; _ga_TBPYED8WSW=G
Action.c(268):     S1.1.1685884286.2.1.1685884299.0.0.0; userCart=%7B%22userId%22%3A-1%2C%22productsInCart%22
Action.c(268):     %3A%5B%5D%7D; _gat=1
Action.c(268): Error -27644: Step download timeout (120 seconds) has expired when only cross-step downloads (0) were active  	[MsgId: MERR-27644]
End auto log messages stack.	[MsgId: MMSG-10544]


