Start auto log messages stack - Iteration 3.	[MsgId: MMSG-10545]
Action.c(251):     %3A%5B%5D%7D; _gat=1
Action.c(251): The request to server "https://www.advantageonlineshopping.com/accountservice/ws/GetAccountByIdNewRequest" is done with body:
Action.c(251):     <?xml version="1.0" encoding="UTF-8"?><soap:Envelope xmlns:soap="http://schemas.xmlsoap.or
Action.c(251):     g/soap/envelope/" xmlns:xsi="http://www.w3.org/2001/XMLSchema-instance" xmlns:xsd="http://
Action.c(251):     www.w3.org/2001/XMLSchema"><soap:Body><GetAccountByIdNewRequest xmlns="com.advantage.onlin
Action.c(251):     e.store.accountservice"><accountId>115181649</accountId><base64Token>Basic S2lyaWxsOjEyMzR
Action.c(251):     Rdw==</base64Token></GetAccountByIdNewRequest></soap:Body></soap:Envelope>
Action.c(251): Error -27644: Step download timeout (120 seconds) has expired when only cross-step downloads (0) were active  	[MsgId: MERR-27644]
End auto log messages stack.	[MsgId: MMSG-10544]


Start auto log messages stack - Iteration 5.	[MsgId: MMSG-10545]
Action.c(44):     d-size:50%;background-position:90% 49%}.rowSecti
Action.c(44): t=13182190ms: 432-byte DECODED response body for "https://www.advantageonlineshopping.com/css/main.min.css" (RelFrameId=, Internal ID=158)
Action.c(44):     on>div.emptyCells{border:0}.rowSection>div.twoRows{position:absolute;top:0;bottom:0;height
Action.c(44):     :100%;padding-top:0;width:32%;background-position:top center}.categoryCell{overflow:hidden
Action.c(44):     }.categoryCell:hover .shop_now_slider{bottom:0}.categoryCell:hover .shop_now_slider .shop_
Action.c(44):     now{padding:26px 28px}.categoryCell.laptopImg:hover .shop_now_slider .shop_now{color:#2a2a
Action.c(44):     2a}.rowSection>div.twoRows span,.categoryCell.laptopImg span{color:#fff}
Action.c(44): Error -27644: Step download timeout (120 seconds) has expired when only cross-step downloads (0) were active  	[MsgId: MERR-27644]
End auto log messages stack.	[MsgId: MMSG-10544]


Start auto log messages stack - Iteration 16.	[MsgId: MMSG-10545]
Action.c(235):     %3A%5B%5D%7D; _gat=1
Action.c(235): The request to server "https://www.advantageonlineshopping.com/accountservice/ws/GetAccountByIdRequest" is done with body:
Action.c(235):     <?xml version="1.0" encoding="UTF-8"?><soap:Envelope xmlns:soap="http://schemas.xmlsoap.or
Action.c(235):     g/soap/envelope/" xmlns:xsi="http://www.w3.org/2001/XMLSchema-instance" xmlns:xsd="http://
Action.c(235):     www.w3.org/2001/XMLSchema"><soap:Body><GetAccountByIdRequest xmlns="com.advantage.online.s
Action.c(235):     tore.accountservice"><accountId>115181649</accountId><base64Token>Basic S2lyaWxsOjEyMzRRdw
Action.c(235):     ==</base64Token></GetAccountByIdRequest></soap:Body></soap:Envelope>
Action.c(235): Error -27644: Step download timeout (120 seconds) has expired when only cross-step downloads (0) were active  	[MsgId: MERR-27644]
End auto log messages stack.	[MsgId: MMSG-10544]


Start auto log messages stack - Iteration 3.	[MsgId: MMSG-10545]
Action.c(44):     \x8B\xDB\xC1\xDA\xF6\x8D\x13\xCAU\xE3\x92\x95\xF0\x99\xB9\x02\xA7a=:\xDF\x95q\xB7Q\x12\xC4
Action.c(44):     H5Ic\xC2\xA8W\xFEVV\x97\xF9\xFE\xF8*\xB0{\xB0\xDA5\xC9[\xA8\xE5\xBB!\xAF\xC2\xB2\x92\x92\xB2
Action.c(44):     \xB6\xE4\xB9\x0E\x95L\\\x8FK\xD6\xAAI*\xC5\xCFNO\x8E\xFB\x0Co\xB6\x949\x1B\x067[f\xB0\x15p
Action.c(44):     ]\x17\xE7\xD2-\xA3\x828\x05\xF6`\\\xA6\x86L[\t\x97={W2\xFE\xFA-\xE1>\xF9\xB8\xEE\x9E\xCB\x94
Action.c(44):     \xF1\x8Ej7\xE7\x07\x8C\xEB\x88\x01\x19\xFDA\xA2\x97\x8Etm\x9B8(\xA1\xA7PH*\xED\xBD\xD7\xAA
Action.c(44):     v\xBBn\x91\xD3\x83\x84\xB5b\xAD\xE0o\xD2\xE9\xB4\x8C\xB2N\x07
Action.c(44): t=19811047ms: Request done "https://www.googletagmanager.com/gtag/js?id=G-TBPYED8WSW"  	[MsgId: MMSG-26000]
Action.c(44): Error -27644: Step download timeout (120 seconds) has expired when only cross-step downloads (0) were active  	[MsgId: MERR-27644]
End auto log messages stack.	[MsgId: MMSG-10544]


