Start auto log messages stack - Iteration 2.	[MsgId: MMSG-10545]
Action.c(44):     g\x8B\xDB\xC9\xDA\xD6\x8D\xAE\xA3k\x90T,\x01e\x16\x02\x9C\x86\xFDh|W\xC6\xD3Fq\x10#\xC5$\x8D
Action.c(44):     \xC5\xADz\xA1oemU\xEC\x0E/\x02\xFB{\xAD]S\x1BUKwk_\x84e\xA5\x15e\x1D\xCB\x10 \xA9\xCC\x10$
Action.c(44):     \x15\xEB\xAE\xD8%\xD2\xAEN\xFF\xBC\xCF\xE8fC\x99{\xE0\x8A\x9B\r\xE3a&%e\xE7\xD2\x08\xA4\x82
Action.c(44):     $\x03\xF2`\\&\x86L[1\x97=\x7FW1\xFE\xFAu\xD1.\xF9\xB0\xEF\x9E\xCB\x8C\xF1\x9Eh7\x17\x87\x8C
Action.c(44):     \xEB\x98\x00\x19\xFDAb\x1B\x1D\xF3\xAA\xAB\xBC\x97\x02\xC9\xF4E\xFC\x1B\x85\xD0#\xB1\xB4\xF7
Action.c(44):     _\xA9\xDA\xED\x9AEA\xF7\x12V\x8A\xB4\x82\x7FH\xAF\xD71\xCAz=
Action.c(44): t=209598ms: Request done "https://www.googletagmanager.com/gtag/js?id=G-TBPYED8WSW"  	[MsgId: MMSG-26000]
Action.c(44): Error -27644: Step download timeout (120 seconds) has expired when only cross-step downloads (0) were active  	[MsgId: MERR-27644]
End auto log messages stack.	[MsgId: MMSG-10544]


Start auto log messages stack - Iteration 3.	[MsgId: MMSG-10545]
Action.c(44):     l!==c?d&&"set"in d&&void 0!==(e=d.set(a,c,b))?e:(a.setAttribute(b,c+""),c):void n.removeAt
Action.c(44):     tr(a,b))},removeAttr:function(a,b){var c,d,e=0,f=b&&b.match(E);if(f&&1===a.nodeType)while(
Action.c(44):     c=f[e++])d=n.propFix[c]||c,n.expr.match.bool.test(c)&&(a[d]=!1),a.removeAttribute(c)},attr
Action.c(44):     Hooks:{type:{set:function(a,b){if(!k.radioValue&&"radio"===b&&n.nodeName(a,"input")){var c
Action.c(44):     =a.value;return a.setAttribute("type",b),c&&(a.value=c),b}}}}}),Za={set:function(a,b,c){re
Action.c(44):     turn b===!1?n.removeAttr(a,c):a.setAttribute(c,c),c}},n.each(n.expr.match.bool.source.matc
Action.c(44):     h(/\\w+/g),function(a,b){var c=$a[b]||n.
Action.c(44): Error -27644: Step download timeout (120 seconds) has expired when only cross-step downloads (0) were active  	[MsgId: MERR-27644]
End auto log messages stack.	[MsgId: MMSG-10544]


Start auto log messages stack - Iteration 3.	[MsgId: MMSG-10545]
Action.c(44):     accept-ranges: bytes\r\n
Action.c(44):     etag: W/"2190-1685521628000"\r\n
Action.c(44):     last-modified: Wed, 31 May 2023 08:27:08 GMT\r\n
Action.c(44):     cache-control: max-age=864000\r\n
Action.c(44):     expires: Thu, 15 Jun 2023 16:24:27 GMT\r\n
Action.c(44):     strict-transport-security: max-age=31536000; includeSubDomains; preload\r\n
Action.c(44):     \r\n
Action.c(44): t=1678033ms: 2190-byte response body for "https://www.advantageonlineshopping.com/css/images/Shipex.png" (RelFrameId=, Internal ID=88)
Action.c(44): t=1678033ms: Request done "https://www.advantageonlineshopping.com/css/images/Shipex.png"  	[MsgId: MMSG-26000]
Action.c(44): Error -27644: Step download timeout (120 seconds) has expired when only cross-step downloads (0) were active  	[MsgId: MERR-27644]
End auto log messages stack.	[MsgId: MMSG-10544]


Start auto log messages stack - Iteration 4.	[MsgId: MMSG-10545]
Action.c(44):                         //If module already has init called, since it is too\n
Action.c(44):                         //late to modify them, and ignore unnormalized ones\n
Action.c(44):                         //since they are transient.\n
Action.c(44):                         if (!mod.inited && !mod.map.unnormalized) {\n
Action.c(44):                             mod.map = makeModuleMap(id, null, true);\n
Action.c(44):                         }\n
Action.c(44):                     });\n
Action.c(44):     \n
Action.c(44):                     //If a deps array or a config callback is s
Action.c(44): Error -27644: Step download timeout (120 seconds) has expired when only cross-step downloads (0) were active  	[MsgId: MERR-27644]
End auto log messages stack.	[MsgId: MMSG-10544]


Start auto log messages stack - Iteration 15.	[MsgId: MMSG-10545]
Action.c(44):     \x0B\x01N\xC3~4\xBE+\xE3i\xA38\x88\x91b\x92\xC6\xE2V\xBD\xD0\xB7\xB2\xB6*v\x87\x17\x81\xFD
Action.c(44):     \xBD\xD6\xAE\xA9\x8D\xAA\xA5\xBB\xB5/\xC2\xB2\xD2\x8A\xB2\x8Ee\x08\x90Tf\x08\x92\x8AuW\xEC
Action.c(44):     \x12iW\xA7\x7F\xDEgt\xB3\xA1\xCC=p\xC5\xCD\x86\xF10\x93\x92\xB2si\x04RA\x92\x01y0.\x13C\xA6
Action.c(44):     \xAD\x98\xCB\x9E\xBF\xAB\x18\x7F\xFD\xBAh\x97|\xD8w\xCFe\xC6xO\xB4\x9B\x8BC\xC6uL\x80\x8C\xFE
Action.c(44):      \xB1\x8D\x8Ey\xD5U\xDEK\x81d\xFA"\xFE\x8DB\xE8\x91X\xDA\xFB\xAFT\xEDv\xCD\xA2\xA0{\t+EZ\xC1
Action.c(44):     ?\xA4\xD7\xEB\x18e\xBD\x1E
Action.c(44): t=2914927ms: Request done "https://www.googletagmanager.com/gtag/js?id=G-TBPYED8WSW"  	[MsgId: MMSG-26000]
Action.c(44): Error -27644: Step download timeout (120 seconds) has expired when only cross-step downloads (0) were active  	[MsgId: MERR-27644]
End auto log messages stack.	[MsgId: MMSG-10544]


Start auto log messages stack - Iteration 16.	[MsgId: MMSG-10545]
Action.c(336):     ns2:Country><ns2:Country><ns2:id>111</ns2:id><ns2:name>Zambia</ns2:name><ns2:isoName>zm</n
Action.c(336):     s2:isoName><ns2:phonePrefix>260</ns2:phonePrefix></ns2:Country><ns2:Country><ns2:id>112</n
Action.c(336):     s2:id><ns2:name>Zanzibar </ns2:name><ns2:isoName>tz</ns2:isoName><ns2:phonePrefix>25524</n
Action.c(336):     s2:phonePrefix></ns2:Country><ns2:Country><ns2:id>110</ns2:id><ns2:name>Zimbabwe </ns2:nam
Action.c(336):     e><ns2:isoName>zw</ns2:isoName><ns2:phonePrefix>263</ns2:phonePrefix></ns2:Country></ns2:G
Action.c(336):     etCountriesResponse></SOAP-ENV:Body></SOAP-ENV:Envelope>
Action.c(336): t=3268298ms: Request done "https://www.advantageonlineshopping.com/accountservice/ws/GetCountriesRequest"  	[MsgId: MMSG-26000]
Action.c(336): Error -27644: Step download timeout (120 seconds) has expired when only cross-step downloads (0) were active  	[MsgId: MERR-27644]
End auto log messages stack.	[MsgId: MMSG-10544]


Start auto log messages stack - Iteration 17.	[MsgId: MMSG-10545]
Action.c(200): Connection to www.advantageonlineshopping.com:443 closed after being inactive for 59268 seconds, exceeding the "HTTP Keep-Alive timeout" Runtime Setting (60 seconds). URL="[None]"  	[MsgId: MMSG-27647]
Action.c(200): t=62682147ms: Closed connection [0] to www.advantageonlineshopping.com:443 after completing 0 request(s)  	[MsgId: MMSG-26000]
Action.c(200): Connection to www.googletagmanager.com:443 closed after being inactive for 59267 seconds, exceeding the "HTTP Keep-Alive timeout" Runtime Setting (60 seconds). URL="[None]"  	[MsgId: MMSG-27647]
Action.c(200): t=62682173ms: Closed connection [1] to www.googletagmanager.com:443 after completing 0 request(s)  	[MsgId: MMSG-26000]
Action.c(200): t=62682174ms: Connecting [0] to host 54.227.55.203:443  	[MsgId: MMSG-26000]
Action.c(200): Error -27792: Failed to connect to server "www.advantageonlineshopping.com:443": [10065] No Route to Host  	[MsgId: MERR-27792]
End auto log messages stack.	[MsgId: MMSG-10544]


Start auto log messages stack - Iteration 1.	[MsgId: MMSG-10545]
Action.c(38): "sec-ch-ua-mobile: ?0" header registered for adding to requests from all following Action functions  	[MsgId: MMSG-26505]
Action.c(38): web_add_auto_header("sec-ch-ua-mobile") was successful  	[MsgId: MMSG-26392]
Action.c(41): web_add_auto_header("sec-ch-ua-platform") started  	[MsgId: MMSG-26355]
Action.c(41): An unrecognized header ("sec-ch-ua-platform") is being added  	[MsgId: MMSG-26595]
Action.c(41): "sec-ch-ua-platform: "Windows"" header registered for adding to requests from all following Action functions  	[MsgId: MMSG-26505]
Action.c(41): web_add_auto_header("sec-ch-ua-platform") was successful  	[MsgId: MMSG-26392]
Action.c(44): web_url("www.advantageonlineshopping.com") started  	[MsgId: MMSG-26355]
Action.c(44): Error -27794: Could not resolve address of host www.advantageonlineshopping.com  	[MsgId: MERR-27794]
End auto log messages stack.	[MsgId: MMSG-10544]


Start auto log messages stack - Iteration 6.	[MsgId: MMSG-10545]
Action.c(200): Connection to www.advantageonlineshopping.com:443 closed after being inactive for 59323 seconds, exceeding the "HTTP Keep-Alive timeout" Runtime Setting (60 seconds). URL="[None]"  	[MsgId: MMSG-27647]
Action.c(200): t=62717105ms: Closed connection [0] to www.advantageonlineshopping.com:443 after completing 0 request(s)  	[MsgId: MMSG-26000]
Action.c(200): Connection to www.googletagmanager.com:443 closed after being inactive for 59322 seconds, exceeding the "HTTP Keep-Alive timeout" Runtime Setting (60 seconds). URL="[None]"  	[MsgId: MMSG-27647]
Action.c(200): t=62717105ms: Closed connection [1] to www.googletagmanager.com:443 after completing 0 request(s)  	[MsgId: MMSG-26000]
Action.c(200): t=62717105ms: Connecting [0] to host 54.227.55.203:443  	[MsgId: MMSG-26000]
Action.c(200): Error -27792: Failed to connect to server "www.advantageonlineshopping.com:443": [10051] Network is unreachable  	[MsgId: MERR-27792]
End auto log messages stack.	[MsgId: MMSG-10544]


Start auto log messages stack - Iteration 1.	[MsgId: MMSG-10545]
Action.c(38): "sec-ch-ua-mobile: ?0" header registered for adding to requests from all following Action functions  	[MsgId: MMSG-26505]
Action.c(38): web_add_auto_header("sec-ch-ua-mobile") was successful  	[MsgId: MMSG-26392]
Action.c(41): web_add_auto_header("sec-ch-ua-platform") started  	[MsgId: MMSG-26355]
Action.c(41): An unrecognized header ("sec-ch-ua-platform") is being added  	[MsgId: MMSG-26595]
Action.c(41): "sec-ch-ua-platform: "Windows"" header registered for adding to requests from all following Action functions  	[MsgId: MMSG-26505]
Action.c(41): web_add_auto_header("sec-ch-ua-platform") was successful  	[MsgId: MMSG-26392]
Action.c(44): web_url("www.advantageonlineshopping.com") started  	[MsgId: MMSG-26355]
Action.c(44): Error -27794: Could not resolve address of host www.advantageonlineshopping.com  	[MsgId: MERR-27794]
End auto log messages stack.	[MsgId: MMSG-10544]


Start auto log messages stack - Iteration 6.	[MsgId: MMSG-10545]
Action.c(200): Connection to www.advantageonlineshopping.com:443 closed after being inactive for 59322 seconds, exceeding the "HTTP Keep-Alive timeout" Runtime Setting (60 seconds). URL="[None]"  	[MsgId: MMSG-27647]
Action.c(200): t=62720041ms: Closed connection [0] to www.advantageonlineshopping.com:443 after completing 0 request(s)  	[MsgId: MMSG-26000]
Action.c(200): Connection to www.googletagmanager.com:443 closed after being inactive for 59320 seconds, exceeding the "HTTP Keep-Alive timeout" Runtime Setting (60 seconds). URL="[None]"  	[MsgId: MMSG-27647]
Action.c(200): t=62720041ms: Closed connection [1] to www.googletagmanager.com:443 after completing 0 request(s)  	[MsgId: MMSG-26000]
Action.c(200): t=62720041ms: Connecting [0] to host 54.227.55.203:443  	[MsgId: MMSG-26000]
Action.c(200): Error -27792: Failed to connect to server "www.advantageonlineshopping.com:443": [10065] No Route to Host  	[MsgId: MERR-27792]
End auto log messages stack.	[MsgId: MMSG-10544]


Start auto log messages stack - Iteration 6.	[MsgId: MMSG-10545]
Start auto log messages stack - Iteration 12.	[MsgId: MMSG-10545]
Start auto log messages stack - Iteration 18.	[MsgId: MMSG-10545]
Action.c(38): web_add_auto_header("sec-ch-ua-mobile") was successful  	[MsgId: MMSG-26392]
Start auto log messages stack - Iteration 12.	[MsgId: MMSG-10545]
Action.c(41): web_add_auto_header("sec-ch-ua-platform") started  	[MsgId: MMSG-26355]
Action.c(41): An unrecognized header ("sec-ch-ua-platform") is being added  	[MsgId: MMSG-26595]
Action.c(41): "sec-ch-ua-platform: "Windows"" header registered for adding to requests from all following Action functions  	[MsgId: MMSG-26505]
Action.c(41): web_add_auto_header("sec-ch-ua-platform") was successful  	[MsgId: MMSG-26392]
Action.c(44): web_url("www.advantageonlineshopping.com") started  	[MsgId: MMSG-26355]
Action.c(44): t=62731482ms: Connecting [0] to host 54.227.55.203:443  	[MsgId: MMSG-26000]
Action.c(44): Error -27792: Failed to connect to server "www.advantageonlineshopping.com:443": [10053] Software caused connection abort  	[MsgId: MERR-27792]
End auto log messages stack.	[MsgId: MMSG-10544]


Start auto log messages stack - Iteration 12.	[MsgId: MMSG-10545]
Action.c(38): web_add_auto_header("sec-ch-ua-mobile") was successful  	[MsgId: MMSG-26392]
Action.c(41): web_add_auto_header("sec-ch-ua-platform") started  	[MsgId: MMSG-26355]
Action.c(41): An unrecognized header ("sec-ch-ua-platform") is being added  	[MsgId: MMSG-26595]
Action.c(41): "sec-ch-ua-platform: "Windows"" header registered for adding to requests from all following Action functions  	[MsgId: MMSG-26505]
Action.c(41): web_add_auto_header("sec-ch-ua-platform") was successful  	[MsgId: MMSG-26392]
Action.c(44): web_url("www.advantageonlineshopping.com") started  	[MsgId: MMSG-26355]
Action.c(44): t=62722919ms: Connecting [0] to host 54.227.55.203:443  	[MsgId: MMSG-26000]
Action.c(44): Error -27792: Failed to connect to server "www.advantageonlineshopping.com:443": [10053] Software caused connection abort  	[MsgId: MERR-27792]
End auto log messages stack.	[MsgId: MMSG-10544]


Action.c(200): Connection to www.advantageonlineshopping.com:443 closed after being inactive for 59323 seconds, exceeding the "HTTP Keep-Alive timeout" Runtime Setting (60 seconds). URL="[None]"  	[MsgId: MMSG-27647]
Action.c(200): t=62730576ms: Closed connection [0] to www.advantageonlineshopping.com:443 after completing 0 request(s)  	[MsgId: MMSG-26000]
Action.c(200): Connection to www.googletagmanager.com:443 closed after being inactive for 59323 seconds, exceeding the "HTTP Keep-Alive timeout" Runtime Setting (60 seconds). URL="[None]"  	[MsgId: MMSG-27647]
Action.c(200): t=62730576ms: Closed connection [1] to www.googletagmanager.com:443 after completing 0 request(s)  	[MsgId: MMSG-26000]
Action.c(200): t=62730576ms: Connecting [0] to host 54.227.55.203:443  	[MsgId: MMSG-26000]
Action.c(200): Error -27792: Failed to connect to server "www.advantageonlineshopping.com:443": [10053] Software caused connection abort  	[MsgId: MERR-27792]
End auto log messages stack.	[MsgId: MMSG-10544]


Action.c(38): web_add_auto_header("sec-ch-ua-mobile") was successful  	[MsgId: MMSG-26392]
Action.c(41): web_add_auto_header("sec-ch-ua-platform") started  	[MsgId: MMSG-26355]
Action.c(41): An unrecognized header ("sec-ch-ua-platform") is being added  	[MsgId: MMSG-26595]
Action.c(41): "sec-ch-ua-platform: "Windows"" header registered for adding to requests from all following Action functions  	[MsgId: MMSG-26505]
Action.c(41): web_add_auto_header("sec-ch-ua-platform") was successful  	[MsgId: MMSG-26392]
Action.c(44): web_url("www.advantageonlineshopping.com") started  	[MsgId: MMSG-26355]
Action.c(44): t=62725332ms: Connecting [0] to host 54.227.55.203:443  	[MsgId: MMSG-26000]
Action.c(44): Error -27792: Failed to connect to server "www.advantageonlineshopping.com:443": [10053] Software caused connection abort  	[MsgId: MERR-27792]
End auto log messages stack.	[MsgId: MMSG-10544]


Action.c(154): Connection to www.advantageonlineshopping.com:443 closed after being inactive for 59293 seconds, exceeding the "HTTP Keep-Alive timeout" Runtime Setting (60 seconds). URL="[None]"  	[MsgId: MMSG-27647]
Action.c(154): t=62731543ms: Closed connection [0] to www.advantageonlineshopping.com:443 after completing 0 request(s)  	[MsgId: MMSG-26000]
Action.c(154): Connection to www.googletagmanager.com:443 closed after being inactive for 59293 seconds, exceeding the "HTTP Keep-Alive timeout" Runtime Setting (60 seconds). URL="[None]"  	[MsgId: MMSG-27647]
Action.c(154): t=62731543ms: Closed connection [1] to www.googletagmanager.com:443 after completing 0 request(s)  	[MsgId: MMSG-26000]
Action.c(154): t=62731543ms: Connecting [0] to host 54.227.55.203:443  	[MsgId: MMSG-26000]
Action.c(154): Error -27792: Failed to connect to server "www.advantageonlineshopping.com:443": [10053] Software caused connection abort  	[MsgId: MERR-27792]
End auto log messages stack.	[MsgId: MMSG-10544]


Start auto log messages stack - Iteration 1.	[MsgId: MMSG-10545]
Action.c(38): "sec-ch-ua-mobile: ?0" header registered for adding to requests from all following Action functions  	[MsgId: MMSG-26505]
Action.c(38): web_add_auto_header("sec-ch-ua-mobile") was successful  	[MsgId: MMSG-26392]
Action.c(41): web_add_auto_header("sec-ch-ua-platform") started  	[MsgId: MMSG-26355]
Action.c(41): An unrecognized header ("sec-ch-ua-platform") is being added  	[MsgId: MMSG-26595]
Action.c(41): "sec-ch-ua-platform: "Windows"" header registered for adding to requests from all following Action functions  	[MsgId: MMSG-26505]
Action.c(41): web_add_auto_header("sec-ch-ua-platform") was successful  	[MsgId: MMSG-26392]
Action.c(44): web_url("www.advantageonlineshopping.com") started  	[MsgId: MMSG-26355]
Action.c(44): Error -27794: Could not resolve address of host www.advantageonlineshopping.com  	[MsgId: MERR-27794]
End auto log messages stack.	[MsgId: MMSG-10544]


Start auto log messages stack - Iteration 2.	[MsgId: MMSG-10545]
Action.c(44):     (d,function(b){return c.getTrusted(a,
Action.c(44): t=62895924ms: 422-byte DECODED response body for "https://www.advantageonlineshopping.com/main.min.js" (RelFrameId=, Internal ID=7)
Action.c(44):     b)})};var e=c.parseAs,f=c.getTrusted,g=c.trustAs;p(ka,function(a,b){var d=M(b);c[eb("parse
Action.c(44):     _as_"+d)]=function(b){return e(a,b)};c[eb("get_trusted_"+d)]=function(b){return f(a,b)};c[
Action.c(44):     eb("trust_as_"+\n
Action.c(44):     d)]=function(b){return g(a,b)}});return c}]}function xf(){this.$get=["$window","$document"
Action.c(44):     ,function(a,b){var d={},c=ca((/android (\\d+)/.exec(M((a.navigator||{}).userAgent))||[])[1
Action.c(44):     ]),e=/Boxee/i.test((a.navigator||{}).userAgent)
Action.c(44): Error -27644: Step download timeout (120 seconds) has expired when only cross-step downloads (0) were active  	[MsgId: MERR-27644]
End auto log messages stack.	[MsgId: MMSG-10544]


Start auto log messages stack - Iteration 9.	[MsgId: MMSG-10545]
Action.c(44):     \tfunction getPositions ( a, b, delimit ) {\n
Action.c(44):     \n
Action.c(44):     \t\t// Add movement to current position.\n
Action.c(44):     \t\tvar c = a + b[0], d = a + b[1];\n
Action.c(44):     \n
Action.c(44):     \t\t// Only alter the other position on drag,\n
Action.c(44):     \t\t// not on standard sliding.\n
Action.c(44):     \t\tif ( delimit ) {\n
Action.c(44):     \t\t\tif ( c < 0 ) {\n
Action.c(44):     \t\t\t\td += Math.abs(c);\n
Action.c(44):     \t\t\t}\n
Action.c(44):     \t\t\tif ( d > 1
Action.c(44): Error -27644: Step download timeout (120 seconds) has expired when only cross-step downloads (0) were active  	[MsgId: MERR-27644]
End auto log messages stack.	[MsgId: MMSG-10544]


Start auto log messages stack - Iteration 7.	[MsgId: MMSG-10545]
Action.c(44):     S+?)\\1\\s*$/,Tc=/((\\/\\/.*$)|(\\/\\*[\\s\\S]*?\\*\\/))/mg,Ea=B("$injector");db.$$annotat
Action.c(44):     e=function(a,b,d){var c;if("function"===typeof a){if(!(c=a.$inject)){c=[];if(a.length){if(
Action.c(44):     b)throw H(d)&&d||(d=a.name||Sf(a)),Ea("strictdi",d);b=a.toString().replace(Tc,\n
Action.c(44):     "");b=b.match(Uc);p(b[1].split(xg),function(a){a.replace(yg,function(a,b,d){c.push(d)})})}
Action.c(44):     a.$inject=c}}else L(a)?(b=a.length-1,Ra(a[b],"fn"),c=a.slice(0,b)):Ra(a,"fn",!0);return c}
Action.c(44):     ;var Qd=B("$animate"),Ye=function(){this.$get=function(){}},Ze=function(){var a=new Ta,b=[
Action.c(44):     ];this.$get=["$$AnimateRu
Action.c(44): Error -27644: Step download timeout (120 seconds) has expired when only cross-step downloads (0) were active  	[MsgId: MERR-27644]
End auto log messages stack.	[MsgId: MMSG-10544]


Start auto log messages stack - Iteration 20.	[MsgId: MMSG-10545]
Action.c(44):     define('app/account/controllers/module',['angular'], function (angular) {\n
Action.c(44):         'use strict';\n
Action.c(44):         return angular.module('aos.account.controllers', []);\n
Action.c(44):     });\n
Action.c(44):     /**\n
Action.c(44):      * Created by correnti on 31/12/2015.\n
Action.c(44):      */\n
Action.c(44):     \n
Action.c(44):     \n
Action.c(44):     define('app/account/controllers/myAccountCtrl',['./module'], function (controllers) {\n
Action.c(44):         'use strict';\n
Action.c(44):         controllers.controller('
Action.c(44): Error -27644: Step download timeout (120 seconds) has expired when only cross-step downloads (0) were active  	[MsgId: MERR-27644]
End auto log messages stack.	[MsgId: MMSG-10544]


Start auto log messages stack - Iteration 7.	[MsgId: MMSG-10545]
Action.c(44):     \t\t\tlastInRange = scope_Spectrum.xVal[scope_Spectrum.xVal.length-1],\n
Action.c(44):     \t\t\tignoreFirst = false,\n
Action.c(44):     \t\t\tignoreLast = false,\n
Action.c(44):     \t\t\tprevPct = 0;\n
Action.c(44):     \n
Action.c(44):     \t\t// This function loops the spectrum in an ltr linear fashion,\n
Action.c(44):     \t\t// while the toStepping method is direction aware. Trick it into\n
Action.c(44):     \t\t// believing it is ltr.\n
Action.c(44):     \t\tscope_Spectrum.direction = 0;\n
Action.c(44):     \n
Action.c(44):     \t\t// Create a copy of the 
Action.c(44): Error -27644: Step download timeout (120 seconds) has expired when only cross-step downloads (0) were active  	[MsgId: MERR-27644]
End auto log messages stack.	[MsgId: MMSG-10544]


