Start auto log messages stack - Iteration 1.	[MsgId: MMSG-10545]
Action.c(44):     var o=1;r>o&&m.contains(arguments[o],i);o++);o===r&&t.push(i)}}return t},m.difference=func
Action.c(44):     tion(n){var t=S(arguments,!0,!0,1);return m.filter(n,function(n){return!m.contains(t,n)})}
Action.c(44):     ,m.zip=function(){return m.unzip(arguments)},m.unzip=function(n){for(var t=n&&m.max(n,O).l
Action.c(44):     ength||0,r=Array(t),e=0;t>e;e++)r[e]=m.pluck(n,e);return r},m.object=function(n,t){for(var
Action.c(44):      r={},e=0,u=O(n);u>e;e++)t?r[n[e]]=t[e]:r[n[e][0]]=n[e][1];return r},m.findIndex=t(1),m.fi
Action.c(44):     ndLastIndex=t(-1),m.sortedIndex=function(n,t,r,e){r=x(r,e,1);for(var u=r(t),i=0,o=O(n);o>i
Action.c(44):     ;){var a=Math.floor((i+o)/2);r(n[a])<u?i=a+1:o=a}return i},m.indexOf=r(1,m.findIndex
Action.c(44): Error -27644: Step download timeout (120 seconds) has expired when only cross-step downloads (0) were active  	[MsgId: MERR-27644]
End auto log messages stack.	[MsgId: MMSG-10544]


Start auto log messages stack - Iteration 1.	[MsgId: MMSG-10545]
Action.c(71):     \xE7~p\xD4\x99\xADb\x0E\xC5kM%\x04;a\xAF\xC4\x13Gi\x89Z\xD34kK{\xC5\xE1\xE1\x1B\x80`\xA1\x11
Action.c(71):     \xB3W\x14^6\xC6y\x85\xD9[%\xB5J\xC1\xEE\xC6\xB7\xDE\xEAU\xA3\x94\xB92\xD3FT\xCC_\x0B\xF6\n
Action.c(71):     \xEC\xE2\x13\xEBc\xD7\x9C\xDF\xD3"/w\xFB\xEF\xDC*\xDC\x89k\xBD\x1D\xE8tR\xEA\n
Action.c(71):     2m8\xDF\xA9<|*\xC7\x17\x8C\x81$o\x1B\x81$,\xD4v\xA62K\xC6\x17\x0F))\xACT\x0F\x13\x1DTf\xA1
Action.c(71):     \xF9\xA4\x00S]\xC2\xB4-\xB9\xBDq\xD2\x8C\xA9+\x0B\x1B5g\xF8\xFE\xA9\xDA\x01\xBAOX\x18[\xFC
Action.c(71):     \xC4\x92\x11CE\xC7\x89\x03\xF7\x8F\x1C\xF3%\xAE\xAB\n
Action.c(71):     d\xED\xD7\xB0.\xAC\xE00bL4\x11c\xC2\xB8\x99\xD9\xDD\xD4f\xA8\t\x1D\xF2\xAA\xC3\x94(\xB2\xE7
Action.c(71):     \xD8
Action.c(71): Error -27644: Step download timeout (120 seconds) has expired when only cross-step downloads (0) were active  	[MsgId: MERR-27644]
End auto log messages stack.	[MsgId: MMSG-10544]


Start auto log messages stack - Iteration 2.	[MsgId: MMSG-10545]
Action.c(182):     Accept-Language = ru-RU,ru;q=0.9,en-US;q=0.8,en;q=0.7
Action.c(182):     Accept = */*
Action.c(182):     content-length = 101
Action.c(182):     cookie = _gid=GA1.2.852016575.1685877169; _ga=GA1.1.823130365.1685877168; _ga_TBPYED8WSW=G
Action.c(182):     S1.1.1685884286.2.1.1685884299.0.0.0; userCart=%7B%22userId%22%3A-1%2C%22productsInCart%22
Action.c(182):     %3A%5B%5D%7D; _gat=1
Action.c(182): The request to server "https://www.advantageonlineshopping.com/#/" is done with body:
Action.c(182):     [{"hexColor":"414141","productId":27,"quantity":1},{"hexColor":"414141","productId":29,"qu
Action.c(182):     antity":1}]
Action.c(182): Error -27644: Step download timeout (120 seconds) has expired when only cross-step downloads (0) were active  	[MsgId: MERR-27644]
End auto log messages stack.	[MsgId: MMSG-10544]


Start auto log messages stack - Iteration 3.	[MsgId: MMSG-10545]
Action.c(44):     sec-ch-ua = "Google Chrome";v="113", "Chromium";v="113", "Not-A.Brand";v="24"
Action.c(44):     sec-ch-ua-mobile = ?0
Action.c(44):     sec-ch-ua-platform = "Windows"
Action.c(44):     User-Agent = Mozilla/5.0 (Windows NT 10.0; Win64; x64) AppleWebKit/537.36 (KHTML, like Gec
Action.c(44):     ko) Chrome/113.0.0.0 Safari/537.36
Action.c(44):     Accept-Encoding = gzip, deflate, br
Action.c(44):     Accept-Language = ru-RU,ru;q=0.9,en-US;q=0.8,en;q=0.7
Action.c(44):     Accept = */*
Action.c(44):     cookie = _gid=GA1.2.852016575.1685877169; _ga=GA1.1.823130365.1685877168; _ga_TBPYED8WSW=G
Action.c(44):     S1.1.1685884286.2.1.1685884299.0.0.0
Action.c(44): Error -27644: Step download timeout (120 seconds) has expired when only cross-step downloads (0) were active  	[MsgId: MERR-27644]
End auto log messages stack.	[MsgId: MMSG-10544]


