Start auto log messages stack - Iteration 4.	[MsgId: MMSG-10545]
Action.c(129):     \xB1\x17\x85\xE7\xAEK\x86C\x88+`\xFCk\x8C\xF1\x9FCZ!E\xAB\xAE\xC0\xF1\xDB\xFC\xED\xF0\x84\xAD
Action.c(129):     =\x9E\xB0u\x8A'\xC2\xE8K=&\x9E\x90\xBB\x85\xC2\x1B:\xC6\x13#\xB7\x1C*\x13N\xEF\x10O0\xFE\x14
Action.c(129):     \xEE\x87\xB1;I\xB7$i\xCBc\xF0vTm\xAED\xF8\x02d\x84\x1Be\x84\x9D\xC4\xAB\x11\x80\xA6^\xBE\x87
Action.c(129):     L\xE5\x8C\r\xBBZ\xAB#w\xF8\xCAS\x94\xFEsWeK\xDD7\x94\xDE<\xD5$\xD5*\xEB\x1F\x8Ean\xE8\x8D\x80
Action.c(129):     ]&\xC0\xBD\xAA1G$\xE1\x97\x92+\x98\xCDG1\xB1<\x8E\xC1r\\x.'\xA3\xC3\xACr7\xCF*w\xC7\xBDUF\x12
Action.c(129):     \xB9\xE6\xF5\x05x\x1Ay\xBE\xC0\xF9\xC0\xECj\x92\xEDI\x1E\xAB&\x92\xE2M\xA4\x8Fs!\x1BO\x1F\xEF
Action.c(129):     \xD8_\xA5\xA0\xBF*\\w
Action.c(129): Error -27644: Step download timeout (120 seconds) has expired when only cross-step downloads (0) were active  	[MsgId: MERR-27644]
End auto log messages stack.	[MsgId: MMSG-10544]


Start auto log messages stack - Iteration 4.	[MsgId: MMSG-10545]
Action.c(71):     *\x12\xD2i\x10\x88a\x03$HZSCP\x9D\x84E \x08\x1A\x83\x03\xD6r\x8Bbwp\x02\xD3q\xE7;\xE6\x7F\xB3
Action.c(71):     \xCF\x8D\xD8\xC3\xEA\xC8\xDF\xF7\x03cO5\xB4\xAE\xECk\xCATG\xE5\x01\xE3\xAA\x16\xE4\xCAco\x11
Action.c(71):     \x17\rq\xB9#[4/~\x9A\xC8\x1F\x1C\xC0\x1E\xE1\x02\xCEY\xC3\x03\xDC\xAD\x86\x0Fxk\x8D\x00\xF0
Action.c(71):     \x85\xC6\x14\x08\xAA?\x18\x85\xBA\x11\xE1\r7\x139\xF0\xF6\x02\xC6`47L\xC0\xF8n\x98\x82\xC9
Action.c(71):     \xD20\x03\xD3\xDA0\x073aX\x80ye8\x03\x8B\xD5HE\xA5\xFC\x02\xFC\xB9MV\x00\x00\x00\x01R{\xF7
Action.c(71):     \x8A\x00\x00
Action.c(71): t=831312ms: Request done "https://www.advantageonlineshopping.com/css/fonts/roboto_regular_macroman/Roboto-Regular-webfont.woff"  	[MsgId: MMSG-26000]
Action.c(71): Error -27644: Step download timeout (120 seconds) has expired when only cross-step downloads (0) were active  	[MsgId: MERR-27644]
End auto log messages stack.	[MsgId: MMSG-10544]


Start auto log messages stack - Iteration 2.	[MsgId: MMSG-10545]
Action.c(44):     (d,function(b){return c.getTrusted(a,
Action.c(44): t=1405460ms: 422-byte DECODED response body for "https://www.advantageonlineshopping.com/main.min.js" (RelFrameId=, Internal ID=45)
Action.c(44):     b)})};var e=c.parseAs,f=c.getTrusted,g=c.trustAs;p(ka,function(a,b){var d=M(b);c[eb("parse
Action.c(44):     _as_"+d)]=function(b){return e(a,b)};c[eb("get_trusted_"+d)]=function(b){return f(a,b)};c[
Action.c(44):     eb("trust_as_"+\n
Action.c(44):     d)]=function(b){return g(a,b)}});return c}]}function xf(){this.$get=["$window","$document"
Action.c(44):     ,function(a,b){var d={},c=ca((/android (\\d+)/.exec(M((a.navigator||{}).userAgent))||[])[1
Action.c(44):     ]),e=/Boxee/i.test((a.navigator||{}).userAgent)
Action.c(44): Error -27644: Step download timeout (120 seconds) has expired when only cross-step downloads (0) were active  	[MsgId: MERR-27644]
End auto log messages stack.	[MsgId: MMSG-10544]


Start auto log messages stack - Iteration 5.	[MsgId: MMSG-10545]
Action.c(44):     px;right:10px;border-top:solid 4px #5e5e5e;border-left:solid 4px transparent;border-right:
Action.c(44):     solid 4px transparent}.sec-view div label.animated{top:2px;transform:scale(0.8,1);padding:
Action.c(44):     0 3px;margin:5px 0;transition:all .6s ease,transform .2s ease;color:#2a2a2a}.sec-view div 
Action.c(44):     label.invalid{color:#ff454f;top:51px;font-size:13px}.sec-view div input,.sec-view div sele
Action.c(44):     ct{margin:4px 0 0;outline:0;cursor:text;border:0;border-bottom:1px solid #CECCCC;transitio
Action.c(44):     n:border-bottom .4s ease}.sec-view div select{width:100%;font-size:14px;padding:2px 0}.sec
Action.c(44):     -view div textarea{margin:0;outline:0;cursor:text;border:0;border
Action.c(44): Error -27644: Step download timeout (120 seconds) has expired when only cross-step downloads (0) were active  	[MsgId: MERR-27644]
End auto log messages stack.	[MsgId: MMSG-10544]


Start auto log messages stack - Iteration 1.	[MsgId: MMSG-10545]
Action.c(44):     sec-ch-ua = "Google Chrome";v="113", "Chromium";v="113", "Not-A.Brand";v="24"
Action.c(44):     sec-ch-ua-mobile = ?0
Action.c(44):     sec-ch-ua-platform = "Windows"
Action.c(44):     User-Agent = Mozilla/5.0 (Windows NT 10.0; Win64; x64) AppleWebKit/537.36 (KHTML, like Gec
Action.c(44):     ko) Chrome/113.0.0.0 Safari/537.36
Action.c(44):     Accept-Encoding = gzip, deflate, br
Action.c(44):     Accept-Language = ru-RU,ru;q=0.9,en-US;q=0.8,en;q=0.7
Action.c(44):     Accept = */*
Action.c(44):     cookie = _gid=GA1.2.852016575.1685877169; _ga=GA1.1.823130365.1685877168; _ga_TBPYED8WSW=G
Action.c(44):     S1.1.1685884286.2.1.1685884299.0.0.0
Action.c(44): Error -27644: Step download timeout (120 seconds) has expired when only cross-step downloads (0) were active  	[MsgId: MERR-27644]
End auto log messages stack.	[MsgId: MMSG-10544]


Start auto log messages stack - Iteration 8.	[MsgId: MMSG-10545]
Action.c(44):     :0;font-size:0;overflow:hidden;opacity:0;padding-top:10px!important}#orderPayment .penetra
Action.c(44):     tionInCart>label.shippingText{font-size:12px}#orderPayment .penetrationInCart>label span.s
Action.c(44):     hippingValue{font-size:14px}#orderPayment .penetrationInCart>label.totalText{font-size:15p
Action.c(44):     x}#orderPayment .penetrationInCart>label span.to
Action.c(44): t=2920661ms: 149-byte DECODED response body for "https://www.advantageonlineshopping.com/css/main.min.css" (RelFrameId=, Internal ID=246)
Action.c(44):     talValue{font-size:20px}#orderPayment .totalTitle{position:absolute;right:11px;top:4px}#or
Action.c(44):     derPayment #toolTipCart tbody .price{height:100%;padding:50
Action.c(44): Error -27644: Step download timeout (120 seconds) has expired when only cross-step downloads (0) were active  	[MsgId: MERR-27644]
End auto log messages stack.	[MsgId: MMSG-10544]


Start auto log messages stack - Iteration 13.	[MsgId: MMSG-10545]
Action.c(129):     \xA0PE\xF8\x97O}W\xC8/>\xFB\x92|9\xF5\xE9\xDF\xFE\xB2K\xDE\xF53\xACa\xA4\xF0P\xEB1\xC2#\xFB
Action.c(129):     \x9F\x17\xCEoe\xF6+\x90\x82d\x83u\xB8\xD21\x1B{")\x98\xE0\x81\x15\xE1i\x8B\xD98\xCD\x98\x8D
Action.c(129):     \x9Fkn'\xF5\xD3\xF1\xFAc\xF4\xE8\xDB\xE4\xBB\xE8\x08\xFD\x9F\xF0\xE6\x11M\x13J\x84\xB0~\x0F
Action.c(129):     =\xBE\xB5\xA5u/=A\xBF\x81\xC3k\x01\x1BT\x81\xFB\x041\xDBJ8\xD9!\xF6\x14\xB4\x8DC1\xD5\xB2G
Action.c(129):     \x93\xBD-ho\xB6\x15\x06\x01=\xA5Q\n
Action.c(129):     `\xB1-3\xCC\xC7\x01\xD4B\xFB<\xE2\x92_\xA5}\xF4czn\xD9R6\xA0\xBA\xD8]\xE0:zL\xB0\x18\xA0\xBC
Action.c(129):     \xACIP\xF7\x97
Action.c(129): Error -27644: Step download timeout (120 seconds) has expired when only cross-step downloads (0) were active  	[MsgId: MERR-27644]
End auto log messages stack.	[MsgId: MMSG-10544]


Start auto log messages stack - Iteration 5.	[MsgId: MMSG-10545]
Action.c(44):     sec-ch-ua = "Google Chrome";v="113", "Chromium";v="113", "Not-A.Brand";v="24"
Action.c(44):     sec-ch-ua-mobile = ?0
Action.c(44):     sec-ch-ua-platform = "Windows"
Action.c(44):     User-Agent = Mozilla/5.0 (Windows NT 10.0; Win64; x64) AppleWebKit/537.36 (KHTML, like Gec
Action.c(44):     ko) Chrome/113.0.0.0 Safari/537.36
Action.c(44):     Accept-Encoding = gzip, deflate, br
Action.c(44):     Accept-Language = ru-RU,ru;q=0.9,en-US;q=0.8,en;q=0.7
Action.c(44):     Accept = */*
Action.c(44):     cookie = _gid=GA1.2.852016575.1685877169; _ga=GA1.1.823130365.1685877168; _ga_TBPYED8WSW=G
Action.c(44):     S1.1.1685884286.2.1.1685884299.0.0.0
Action.c(44): Error -27644: Step download timeout (120 seconds) has expired when only cross-step downloads (0) were active  	[MsgId: MERR-27644]
End auto log messages stack.	[MsgId: MMSG-10544]


Start auto log messages stack - Iteration 3.	[MsgId: MMSG-10545]
Action.c(44):      * + details - more detailed autocomplete result, includes address parts, latlng, etc. (Op
Action.c(44):     tional)\n
Action.c(44):      *\n
Action.c(44):      * + options - configuration for the autocomplete
Action.c(44): t=10858338ms: 154-byte DECODED response body for "https://www.advantageonlineshopping.com/main.min.js" (RelFrameId=, Internal ID=84)
Action.c(44):      (Optional)\n
Action.c(44):      *\n
Action.c(44):      *       + types: type,        String, values can be 'geocode', 'establishment', '(regions
Action.c(44):     )', or '(cities)'\n
Action.c(44):      *       + bounds: bounds,     
Action.c(44): Error -27644: Step download timeout (120 seconds) has expired when only cross-step downloads (0) were active  	[MsgId: MERR-27644]
End auto log messages stack.	[MsgId: MMSG-10544]


Start auto log messages stack - Iteration 7.	[MsgId: MMSG-10545]
Action.c(44):     accept-ranges: bytes\r\n
Action.c(44):     etag: W/"795-1685521628000"\r\n
Action.c(44):     last-modified: Wed, 31 May 2023 08:27:08 GMT\r\n
Action.c(44):     cache-control: max-age=864000\r\n
Action.c(44):     expires: Thu, 15 Jun 2023 13:51:54 GMT\r\n
Action.c(44):     strict-transport-security: max-age=31536000; includeSubDomains; preload\r\n
Action.c(44):     \r\n
Action.c(44): t=10827643ms: 795-byte response body for "https://www.advantageonlineshopping.com/css/images/Down_arrow.svg" (RelFrameId=, Internal ID=238)
Action.c(44): t=10827643ms: Request done "https://www.advantageonlineshopping.com/css/images/Down_arrow.svg"  	[MsgId: MMSG-26000]
Action.c(44): Error -27644: Step download timeout (120 seconds) has expired when only cross-step downloads (0) were active  	[MsgId: MERR-27644]
End auto log messages stack.	[MsgId: MMSG-10544]


Start auto log messages stack - Iteration 18.	[MsgId: MMSG-10545]
Action.c(41): "sec-ch-ua-platform: "Windows"" header registered for adding to requests from all following Action functions  	[MsgId: MMSG-26505]
Action.c(41): web_add_auto_header("sec-ch-ua-platform") was successful  	[MsgId: MMSG-26392]
Action.c(44): web_url("www.advantageonlineshopping.com") started  	[MsgId: MMSG-26355]
Action.c(44): t=10788598ms: Connecting [0] to host 54.227.55.203:443  	[MsgId: MMSG-26000]
Action.c(44): t=10788731ms: Connected socket [0] from 192.168.1.140:32519 to 54.227.55.203:443 in 133 ms  	[MsgId: MMSG-26000]
Action.c(44): t=10788732ms: Trying to set SNI with servername www.advantageonlineshopping.com  	[MsgId: MMSG-26000]
Action.c(44): t=10788732ms: Setting SNI was succesful  	[MsgId: MMSG-26000]
Action.c(44): Error -27721: Step download timeout (120 seconds) has expired when downloading resource "https://www.advantageonlineshopping.com/"  	[MsgId: MERR-27721]
End auto log messages stack.	[MsgId: MMSG-10544]


Start auto log messages stack - Iteration 14.	[MsgId: MMSG-10545]
Action.c(44):     define('app/account/controllers/module',['angular'], function (angular) {\n
Action.c(44):         'use strict';\n
Action.c(44):         return angular.module('aos.account.controllers', []);\n
Action.c(44):     });\n
Action.c(44):     /**\n
Action.c(44):      * Created by correnti on 31/12/2015.\n
Action.c(44):      */\n
Action.c(44):     \n
Action.c(44):     \n
Action.c(44):     define('app/account/controllers/myAccountCtrl',['./module'], function (controllers) {\n
Action.c(44):         'use strict';\n
Action.c(44):         controllers.controller('
Action.c(44): Error -27644: Step download timeout (120 seconds) has expired when only cross-step downloads (0) were active  	[MsgId: MERR-27644]
End auto log messages stack.	[MsgId: MMSG-10544]


Start auto log messages stack - Iteration 15.	[MsgId: MMSG-10545]
Action.c(44):     e),o=n.apply(i,u);return m.isObject(o)?o:i};m.bind=function(n,t){if(g&&n.bind===g)return g
Action.c(44):     .apply(n,l.call(arguments,1));if(!m.isFunction(n))throw new TypeError("Bind must be called
Action.c(44):      on a function");var r=l.call(arguments,2),e=function(){return E(n,e,t,this,r.concat(l.cal
Action.c(44):     l(arguments)))};return e},m.partial=function(n){var t=l.call(arguments,1),r=function(){for
Action.c(44):     (var e=0,u=t.length,i=Array(u),o=0;u>o;o++)i[o]=t[o]===m?arguments[e++]:t[o];for(;e<argume
Action.c(44):     nts.length;)i.push(arguments[e++]);return E(n,r,this,this,i)};return r},m.bindAll=function
Action.c(44):     (n){var t,r,e=arguments.length;if(1>=e)throw new Error("bindAll
Action.c(44): Error -27644: Step download timeout (120 seconds) has expired when only cross-step downloads (0) were active  	[MsgId: MERR-27644]
End auto log messages stack.	[MsgId: MMSG-10544]


Start auto log messages stack - Iteration 10.	[MsgId: MMSG-10545]
Action.c(44):     var o=1;r>o&&m.contains(arguments[o],i);o++);o===r&&t.push(i)}}return t},m.difference=func
Action.c(44):     tion(n){var t=S(arguments,!0,!0,1);return m.filter(n,function(n){return!m.contains(t,n)})}
Action.c(44):     ,m.zip=function(){return m.unzip(arguments)},m.unzip=function(n){for(var t=n&&m.max(n,O).l
Action.c(44):     ength||0,r=Array(t),e=0;t>e;e++)r[e]=m.pluck(n,e);return r},m.object=function(n,t){for(var
Action.c(44):      r={},e=0,u=O(n);u>e;e++)t?r[n[e]]=t[e]:r[n[e][0]]=n[e][1];return r},m.findIndex=t(1),m.fi
Action.c(44):     ndLastIndex=t(-1),m.sortedIndex=function(n,t,r,e){r=x(r,e,1);for(var u=r(t),i=0,o=O(n);o>i
Action.c(44):     ;){var a=Math.floor((i+o)/2);r(n[a])<u?i=a+1:o=a}return i},m.indexOf=r(1,m.findIndex
Action.c(44): Error -27644: Step download timeout (120 seconds) has expired when only cross-step downloads (0) were active  	[MsgId: MERR-27644]
End auto log messages stack.	[MsgId: MMSG-10544]


Start auto log messages stack - Iteration 20.	[MsgId: MMSG-10545]
Action.c(129):     accept-ranges: bytes\r\n
Action.c(129):     etag: W/"3003-1685521628000"\r\n
Action.c(129):     last-modified: Wed, 31 May 2023 08:27:08 GMT\r\n
Action.c(129):     cache-control: max-age=864000\r\n
Action.c(129):     expires: Thu, 15 Jun 2023 14:01:17 GMT\r\n
Action.c(129):     strict-transport-security: max-age=31536000; includeSubDomains; preload\r\n
Action.c(129):     \r\n
Action.c(129): t=11380883ms: 3003-byte response body for "https://www.advantageonlineshopping.com/css/images/chat_logo.png" (RelFrameId=, Internal ID=745)
Action.c(129): t=11380883ms: Request done "https://www.advantageonlineshopping.com/css/images/chat_logo.png"  	[MsgId: MMSG-26000]
Action.c(129): Error -27644: Step download timeout (120 seconds) has expired when only cross-step downloads (0) were active  	[MsgId: MERR-27644]
End auto log messages stack.	[MsgId: MMSG-10544]


Start auto log messages stack - Iteration 6.	[MsgId: MMSG-10545]
Action.c(44): t=11403904ms: 451-byte DECODED response body for "https://www.advantageonlineshopping.com/main.min.js" (RelFrameId=, Internal ID=172)
Action.c(44):     first|last)(?:\\\\("+L+"*((?:-\\\\d)?\\\\d*)"+L+"*\\\\)|)(?=[^-]|$)","i")},Y=/^(?:input|se
Action.c(44):     lect|textarea|button)$/i,Z=/^h\\d$/i,$=/^[^{]+\\{\\s*\\[native \\w/,_=/^(?:#([\\w-]+)|(\\w
Action.c(44):     +)|\\.([\\w-]+))$/,aa=/[+~]/,ba=/'|\\\\/g,ca=new RegExp("\\\\\\\\([\\\\da-f]{1,6}"+L+"?|("
Action.c(44):     +L+")|.)","ig"),da=function(a,b,c){var d="0x"+b-65536;return d!==d||c?b:0>d?String.fromCha
Action.c(44):     rCode(d+65536):String.fromCharCode(d>>10|55296,1023&d|56320)},ea=function(){m()};try{H.app
Action.c(44):     ly(E=I.call(v.childNodes),
Action.c(44): Error -27644: Step download timeout (120 seconds) has expired when only cross-step downloads (0) were active  	[MsgId: MERR-27644]
End auto log messages stack.	[MsgId: MMSG-10544]


Start auto log messages stack - Iteration 7.	[MsgId: MMSG-10545]
Action.c(44):     ct?a.$eval(c.typeaheadSelectOnExact):!1,G=e(c.ngModel),H=e(c.ngModel+"($$$p)"),I=function(
Action.c(44):     b,c){return angular.isFunction(G(a))&&p&&p.$options&&p.$options.getterSetter?H(b,{$$$p:c})
Action.c(44):     :G.assign(b,c)},J=l.parse(c.uibTypeahead),K=a.$new(),L=a.$on("$destroy",function(){K.$dest
Action.c(44):     roy()});K.$on("$destroy",L);var M="typeahead-"+K.$id+"-"+Math.floor(1e4
Action.c(44): t=11667986ms: 143-byte DECODED response body for "https://www.advantageonlineshopping.com/main.min.js" (RelFrameId=, Internal ID=240)
Action.c(44):     *Math.random());b.attr({"aria-autocomplete":"list","aria-expanded":!1,"aria-owns":M});var 
Action.c(44):     N=angular.element("<div uib-typeahead-popup></div>");
Action.c(44): Error -27644: Step download timeout (120 seconds) has expired when only cross-step downloads (0) were active  	[MsgId: MERR-27644]
End auto log messages stack.	[MsgId: MMSG-10544]


Start auto log messages stack - Iteration 16.	[MsgId: MMSG-10545]
Action.c(44):     .webkitCancelAnimationFrame||a.webkitCancelRequestAnimationFrame,e=!!d,f=e?function(a){var
Action.c(44):      b=d(a);return function(){c(b)}}:function(a){var c=\n
Action.c(44):     b(a,16.66,!1);return function(){b.cancel(c)}};f.supported=e;return f}]}function sf(){funct
Action.c(44):     ion a(a){function b(){this.$$watchers=this.$$nextSibling=this.$$childHead=this.$$childTail
Action.c(44):     =null;this.$$listeners={};this.$$listenerCount={};this.$$watchersCount=0;this.$id=++mb;thi
Action.c(44):     s.$$ChildScope=null}b.prototype=a;return b}var b=10,d=B("$rootScope"),c=null,e=null;this.d
Action.c(44):     igestTtl=function(a){arguments.length&&(b=a);return b};this.$get=["$injector","$
Action.c(44): Error -27644: Step download timeout (120 seconds) has expired when only cross-step downloads (0) were active  	[MsgId: MERR-27644]
End auto log messages stack.	[MsgId: MMSG-10544]


Start auto log messages stack - Iteration 7.	[MsgId: MMSG-10545]
Action.c(44):     l);a.unshift(w);m=$(a,q,c,e,b,A,f,g,h);p(d,function(a,c){a==q&&(d[c]=b[0])});for(n=W(b[0].
Action.c(44):     childNodes,e);k.length;){l=k.shift();t=k.shift();var F=k.shift(),V=k.shift(),z=b[0];if(!l.
Action.c(44):     $$destroyed){if(t!==E){var Q=t.className;h.hasElementTranscludeDirective&&A.replace||(z=Vb
Action.c(44):     (q));Y(F,D(t),z);C(D(z),Q)}t=m.transcludeOnThisElement?\n
Action.c(44):     O(l,m.transclude,V):V;m(n,l,z,d,t)}}k=null});return function(a,b,c,d,e){a=e;b.$$destroyed|
Action.c(44):     |(k?k.push(b,c,d,a):(m.transcludeOnThisElement&&(a=O(b,m.transclude,e)),m(n,b,c,d,a)))}}fu
Action.c(44):     nction wa(a,b){var c=b.priority-a.priority;return 
Action.c(44): Error -27644: Step download timeout (120 seconds) has expired when only cross-step downloads (0) were active  	[MsgId: MERR-27644]
End auto log messages stack.	[MsgId: MMSG-10544]


Start auto log messages stack - Iteration 23.	[MsgId: MMSG-10545]
Start auto log messages stack - Iteration 2.	[MsgId: MMSG-10545]
Start auto log messages stack - Iteration 21.	[MsgId: MMSG-10545]
Action.c(71):     \xE7~p\xD4\x99\xADb\x0E\xC5kM%\x04;a\xAF\xC4\x13Gi\x89Z\xD34kK{\xC5\xE1\xE1\x1B\x80`\xA1\x11
Action.c(71):     \xB3W\x14^6\xC6y\x85\xD9[%\xB5J\xC1\xEE\xC6\xB7\xDE\xEAU\xA3\x94\xB92\xD3FT\xCC_\x0B\xF6\n
Action.c(71):     \xEC\xE2\x13\xEBc\xD7\x9C\xDF\xD3"/w\xFB\xEF\xDC*\xDC\x89k\xBD\x1D\xE8tR\xEA\n
Action.c(71):     2m8\xDF\xA9<|*\xC7\x17\x8C\x81$o\x1B\x81$,\xD4v\xA62K\xC6\x17\x0F))\xACT\x0F\x13\x1DTf\xA1
Action.c(71):     \xF9\xA4\x00S]\xC2\xB4-\xB9\xBDq\xD2\x8C\xA9+\x0B\x1B5g\xF8\xFE\xA9\xDA\x01\xBAOX\x18[\xFC
Action.c(71):     \xC4\x92\x11CE\xC7\x89\x03\xF7\x8F\x1C\xF3%\xAE\xAB\n
Action.c(71):     d\xED\xD7\xB0.\xAC\xE00bL4\x11c\xC2\xB8\x99\xD9\xDD\xD4f\xA8\t\x1D\xF2\xAA\xC3\x94(\xB2\xE7
Action.c(71):     \xD8
Action.c(71): Error -27644: Step download timeout (120 seconds) has expired when only cross-step downloads (0) were active  	[MsgId: MERR-27644]
End auto log messages stack.	[MsgId: MMSG-10544]


Action.c(169):     Sec-Fetch-Mode = cors
Action.c(169):     Sec-Fetch-Site = same-origin
Action.c(169):     User-Agent = Mozilla/5.0 (Windows NT 10.0; Win64; x64) AppleWebKit/537.36 (KHTML, like Gec
Action.c(169):     ko) Chrome/113.0.0.0 Safari/537.36
Action.c(169):     Accept-Encoding = gzip, deflate, br
Action.c(169):     Accept-Language = ru-RU,ru;q=0.9,en-US;q=0.8,en;q=0.7
Action.c(169):     Accept = */*
Action.c(169):     cookie = _gid=GA1.2.852016575.1685877169; _ga=GA1.1.823130365.1685877168; _ga_TBPYED8WSW=G
Action.c(169):     S1.1.1685884286.2.1.1685884299.0.0.0; userCart=%7B%22userId%22%3A-1%2C%22productsInCart%22
Action.c(169):     %3A%5B%5D%7D; _gat=1
Action.c(169): Error -27644: Step download timeout (120 seconds) has expired when only cross-step downloads (0) were active  	[MsgId: MERR-27644]
End auto log messages stack.	[MsgId: MMSG-10544]


Action.c(71):     ion. Note: Restart required.","attributeTools":"ITOM","locationInAdvantage":"Registration 
Action.c(71):     page","locationInAdminTool":"General","parameterValue":"No"},{"parameterName":"AOB_Endpoin
Action.c(71):     t","datatype":"string","description":"Purchases made using AOB user, will create a transac
Action.c(71):     tion on AOB system, on the current endpoint","attributeTools":"","locationInAdvantage":"Pu
Action.c(71):     rchase Page","locationInAdminTool":"General","parameterValue":"http://advantageonlinebanki
Action.c(71):     ng.com/api/accounts/purchase"}]}
Action.c(71): t=11731323ms: Request done "https://www.advantageonlineshopping.com/catalog/api/v1/DemoAppConfig/parameters/by_tool/ALL"  	[MsgId: MMSG-26000]
Action.c(71): Error -27644: Step download timeout (120 seconds) has expired when only cross-step downloads (0) were active  	[MsgId: MERR-27644]
End auto log messages stack.	[MsgId: MMSG-10544]


Start auto log messages stack - Iteration 12.	[MsgId: MMSG-10545]
Action.c(44):     sec-ch-ua-platform = "Windows"
Action.c(44):     User-Agent = Mozilla/5.0 (Windows NT 10.0; Win64; x64) AppleWebKit/537.36 (KHTML, like Gec
Action.c(44):     ko) Chrome/113.0.0.0 Safari/537.36
Action.c(44):     Accept-Encoding = gzip, deflate, br
Action.c(44):     Accept-Language = ru-RU,ru;q=0.9,en-US;q=0.8,en;q=0.7
Action.c(44):     Accept = */*
Action.c(44):     cookie = _gid=GA1.2.852016575.1685877169; _ga=GA1.1.823130365.1685877168; _ga_TBPYED8WSW=G
Action.c(44):     S1.1.1685884286.2.1.1685884299.0.0.0
Abort was called from an action.	[MsgId: MMSG-10447]
Ending Vuser...	[MsgId: MMSG-15966]
Starting action vuser_end.	[MsgId: MMSG-15919]
Ending action vuser_end.	[MsgId: MMSG-15918]
Vuser Terminated.	[MsgId: MMSG-15963]
Action.c(44): Error -27760: Request "https://www.advantageonlineshopping.com/" failed  	[MsgId: MERR-27760]
End auto log messages stack.	[MsgId: MMSG-10544]


