Start auto log messages stack - Iteration 1.	[MsgId: MMSG-10545]
Action.c(41): "sec-ch-ua-platform: "Windows"" header registered for adding to requests from all following Action functions  	[MsgId: MMSG-26505]
Action.c(41): web_add_auto_header("sec-ch-ua-platform") was successful  	[MsgId: MMSG-26392]
Action.c(44): web_url("www.advantageonlineshopping.com") started  	[MsgId: MMSG-26355]
Action.c(44): t=2427300ms: Connecting [0] to host 54.227.55.203:443  	[MsgId: MMSG-26000]
Action.c(44): t=2434465ms: Connected socket [0] from 192.168.1.140:6977 to 54.227.55.203:443 in 7165 ms  	[MsgId: MMSG-26000]
Action.c(44): t=2434467ms: Trying to set SNI with servername www.advantageonlineshopping.com  	[MsgId: MMSG-26000]
Action.c(44): t=2434467ms: Setting SNI was succesful  	[MsgId: MMSG-26000]
Action.c(44): Error -27721: Step download timeout (120 seconds) has expired when downloading resource "https://www.advantageonlineshopping.com/"  	[MsgId: MERR-27721]
End auto log messages stack.	[MsgId: MMSG-10544]

Start auto log messages stack - Iteration 9.	[MsgId: MMSG-10545]
Action.c(223):     Sec-Fetch-Mode = cors
Action.c(223):     Sec-Fetch-Site = same-origin
Action.c(223):     User-Agent = Mozilla/5.0 (Windows NT 10.0; Win64; x64) AppleWebKit/537.36 (KHTML, like Gec
Action.c(223):     ko) Chrome/113.0.0.0 Safari/537.36
Action.c(223):     Accept-Encoding = gzip, deflate, br
Action.c(223):     Accept-Language = ru-RU,ru;q=0.9,en-US;q=0.8,en;q=0.7
Action.c(223):     Accept = */*
Action.c(223):     cookie = _gid=GA1.2.852016575.1685877169; _ga=GA1.1.823130365.1685877168; _ga_TBPYED8WSW=G
Action.c(223):     S1.1.1685888979.3.1.1685888992.0.0.0; userCart=%7B%22userId%22%3A-1%2C%22productsInCart%22
Action.c(223):     %3A%5B%5D%7D; _gat=1
Action.c(223): Error -27644: Step download timeout (120 seconds) has expired when only cross-step downloads (0) were active  	[MsgId: MERR-27644]
End auto log messages stack.	[MsgId: MMSG-10544]

