Start auto log messages stack - Iteration 4.	[MsgId: MMSG-10545]
Action.c(44):     px;right:10px;border-top:solid 4px #5e5e5e;border-left:solid 4px transparent;border-right:
Action.c(44):     solid 4px transparent}.sec-view div label.animated{top:2px;transform:scale(0.8,1);padding:
Action.c(44):     0 3px;margin:5px 0;transition:all .6s ease,transform .2s ease;color:#2a2a2a}.sec-view div 
Action.c(44):     label.invalid{color:#ff454f;top:51px;font-size:13px}.sec-view div input,.sec-view div sele
Action.c(44):     ct{margin:4px 0 0;outline:0;cursor:text;border:0;border-bottom:1px solid #CECCCC;transitio
Action.c(44):     n:border-bottom .4s ease}.sec-view div select{width:100%;font-size:14px;padding:2px 0}.sec
Action.c(44):     -view div textarea{margin:0;outline:0;cursor:text;border:0;border
Action.c(44): Error -27644: Step download timeout (120 seconds) has expired when only cross-step downloads (0) were active  	[MsgId: MERR-27644]
End auto log messages stack.	[MsgId: MMSG-10544]

Start auto log messages stack - Iteration 13.	[MsgId: MMSG-10545]
Action.c(44):     2a;background-color:transparent;color:#2a2a2a}button:hover{color:#fff;background-color:#2a
Action.c(44):     2a2a}.a-button,.a-link{border:solid 2px #2a2a2a;color:#2a2a2a;font-size:12px;display:inlin
Action.c(44):     e-block;background-color:transparent;text-decoration:none;transition:all .3s ease}.a-butto
Action.c(44):     n{border:solid 2px #2a2a2a;padding:8px 13px;letter-spacing:.5px;font-weight:600}.a-link{bo
Action.c(44):     rder:solid 1px transparent!important}.a-link.buttonDisable{border:solid 1px transparent!im
Action.c(44):     portant}.a-link.buttonDisable:hover{border:solid 1px transparent!important}.a-button:hover
Action.c(44):     {color:#fff
Action.c(44): Error -27644: Step download timeout (120 seconds) has expired when only cross-step downloads (0) were active  	[MsgId: MERR-27644]
End auto log messages stack.	[MsgId: MMSG-10544]

Start auto log messages stack - Iteration 15.	[MsgId: MMSG-10545]
Action.c(44):     d-size:50%;background-position:90% 49%}.rowSecti
Action.c(44): t=3542046ms: 432-byte DECODED response body for "https://www.advantageonlineshopping.com/css/main.min.css" (RelFrameId=, Internal ID=420)
Action.c(44):     on>div.emptyCells{border:0}.rowSection>div.twoRows{position:absolute;top:0;bottom:0;height
Action.c(44):     :100%;padding-top:0;width:32%;background-position:top center}.categoryCell{overflow:hidden
Action.c(44):     }.categoryCell:hover .shop_now_slider{bottom:0}.categoryCell:hover .shop_now_slider .shop_
Action.c(44):     now{padding:26px 28px}.categoryCell.laptopImg:hover .shop_now_slider .shop_now{color:#2a2a
Action.c(44):     2a}.rowSection>div.twoRows span,.categoryCell.laptopImg span{color:#fff}
Action.c(44): Error -27644: Step download timeout (120 seconds) has expired when only cross-step downloads (0) were active  	[MsgId: MERR-27644]
End auto log messages stack.	[MsgId: MMSG-10544]

